--> Greetings from Transition Analyze <--
--> contact barrymoo@buffalo.edu with problems/questions <--

== CI Vector Analysis ==
-- Alpha Spin --
	-- Root 1 --
		occ 33 -> vir 34 : 99.0255%
	-- End Root 1, <X+Y|X-Y> = 1 --
	-- Root 2 --
		occ 32 -> vir 34 : 56.517%
		occ 33 -> vir 35 : 41.945%
	-- End Root 2, <X+Y|X-Y> = 1 --
	-- Root 3 --
		occ 33 -> vir 37 : 99.8862%
	-- End Root 3, <X+Y|X-Y> = 1 --
	-- Root 4 --
		occ 33 -> vir 38 : 99.9077%
	-- End Root 4, <X+Y|X-Y> = 1 --
	-- Root 5 --
		occ 31 -> vir 34 : 34.3666%
		occ 33 -> vir 36 : 61.4303%
	-- End Root 5, <X+Y|X-Y> = 1 --
== END CI Vector Analysis ==

== NBO Decomposition Analysis ==
	-- Root 1 --
		occ 3 -> vir 34 : 15.4292%
		occ 10 -> vir 34 : 8.7044%
		occ 17 -> vir 34 : 12.2366%
		occ 32 -> vir 34 : 7.43555%
		occ 33 -> vir 34 : 7.10968%
		occ 3 -> vir 35 : 2.27725%
		occ 10 -> vir 35 : 1.2916%
		occ 17 -> vir 35 : 1.82677%
		occ 32 -> vir 35 : 1.10451%
		occ 33 -> vir 35 : 1.05095%
		occ 3 -> vir 36 : 4.70627%
		occ 10 -> vir 36 : 2.67436%
		occ 17 -> vir 36 : 3.79617%
		occ 32 -> vir 36 : 2.28546%
		occ 33 -> vir 36 : 2.16946%
		occ 3 -> vir 40 : 5.5495%
		occ 10 -> vir 40 : 3.11763%
		occ 17 -> vir 40 : 4.34661%
		occ 32 -> vir 40 : 2.6619%
		occ 33 -> vir 40 : 2.55638%
		occ 3 -> vir 58 : 0.120167%
		occ 10 -> vir 58 : 0.0733243%
		occ 17 -> vir 58 : 0.111882%
		occ 32 -> vir 58 : 0.0675756%
		occ 33 -> vir 58 : 0.0535102%
		occ 3 -> vir 62 : 1.29579%
		occ 10 -> vir 62 : 0.734054%
		occ 17 -> vir 62 : 1.04776%
		occ 32 -> vir 62 : 0.615607%
		occ 33 -> vir 62 : 0.602583%
		occ 3 -> vir 63 : 0.259534%
		occ 10 -> vir 63 : 0.136328%
		occ 17 -> vir 63 : 0.170066%
		occ 32 -> vir 63 : 0.121347%
		occ 33 -> vir 63 : 0.121146%
		occ 3 -> vir 67 : 0.0743515%
		occ 17 -> vir 67 : 0.0521427%
		occ 3 -> vir 78 : 0.0645892%
		occ 17 -> vir 78 : 0.0581446%
	-- End Root 1, <X+Y|X-Y> = 1 --
	-- Root 2 --
		occ 3 -> vir 34 : 7.64864%
		occ 17 -> vir 34 : 8.82455%
		occ 32 -> vir 34 : 6.25901%
		occ 33 -> vir 34 : 6.26377%
		occ 3 -> vir 35 : 1.12901%
		occ 17 -> vir 35 : 1.30425%
		occ 32 -> vir 35 : 0.923929%
		occ 33 -> vir 35 : 0.925139%
		occ 3 -> vir 36 : 2.32811%
		occ 17 -> vir 36 : 2.69043%
		occ 32 -> vir 36 : 1.90321%
		occ 33 -> vir 36 : 1.90516%
		occ 3 -> vir 39 : 0.0726632%
		occ 17 -> vir 39 : 0.0638535%
		occ 3 -> vir 40 : 2.76551%
		occ 17 -> vir 40 : 3.18915%
		occ 32 -> vir 40 : 2.26308%
		occ 33 -> vir 40 : 2.26861%
		occ 3 -> vir 41 : 0.144856%
		occ 10 -> vir 41 : 0.0731497%
		occ 17 -> vir 41 : 0.110129%
		occ 32 -> vir 41 : 0.0828659%
		occ 33 -> vir 41 : 0.0782567%
		occ 3 -> vir 42 : 0.0676342%
		occ 3 -> vir 48 : 0.13228%
		occ 32 -> vir 48 : 0.0565388%
		occ 3 -> vir 50 : 0.109476%
		occ 3 -> vir 53 : 0.135477%
		occ 3 -> vir 55 : 0.329971%
		occ 10 -> vir 55 : 0.1029%
		occ 17 -> vir 55 : 0.117715%
		occ 32 -> vir 55 : 0.162677%
		occ 33 -> vir 55 : 0.107497%
		occ 3 -> vir 56 : 0.0776682%
		occ 17 -> vir 56 : 0.0833438%
		occ 33 -> vir 56 : 0.0523686%
		occ 3 -> vir 58 : 0.0625279%
		occ 17 -> vir 58 : 0.0723079%
		occ 32 -> vir 58 : 0.0514815%
		occ 33 -> vir 58 : 0.0512094%
		occ 3 -> vir 59 : 0.0893621%
		occ 3 -> vir 60 : 0.160724%
		occ 10 -> vir 60 : 0.062206%
		occ 17 -> vir 60 : 0.076054%
		occ 32 -> vir 60 : 0.0839097%
		occ 33 -> vir 60 : 0.0617263%
		occ 3 -> vir 61 : 0.138309%
		occ 10 -> vir 61 : 0.0914398%
		occ 17 -> vir 61 : 0.155191%
		occ 32 -> vir 61 : 0.0875723%
		occ 33 -> vir 61 : 0.0983354%
		occ 3 -> vir 62 : 0.618624%
		occ 17 -> vir 62 : 0.713442%
		occ 32 -> vir 62 : 0.507286%
		occ 33 -> vir 62 : 0.500802%
		occ 3 -> vir 63 : 0.142706%
		occ 17 -> vir 63 : 0.163656%
		occ 32 -> vir 63 : 0.118232%
		occ 33 -> vir 63 : 0.121549%
		occ 3 -> vir 64 : 0.182596%
		occ 10 -> vir 64 : 0.0845948%
		occ 17 -> vir 64 : 0.134495%
		occ 32 -> vir 64 : 0.102837%
		occ 33 -> vir 64 : 0.0975251%
		occ 3 -> vir 66 : 0.061059%
		occ 3 -> vir 68 : 0.559342%
		occ 10 -> vir 68 : 0.248507%
		occ 17 -> vir 68 : 0.446329%
		occ 32 -> vir 68 : 0.326005%
		occ 33 -> vir 68 : 0.314609%
		occ 17 -> vir 69 : 0.200173%
		occ 33 -> vir 69 : 0.0875639%
		occ 3 -> vir 70 : 0.320783%
		occ 10 -> vir 70 : 0.163752%
		occ 17 -> vir 70 : 0.279045%
		occ 32 -> vir 70 : 0.192989%
		occ 33 -> vir 70 : 0.190507%
		occ 3 -> vir 71 : 0.427537%
		occ 10 -> vir 71 : 0.203332%
		occ 17 -> vir 71 : 0.419868%
		occ 32 -> vir 71 : 0.26208%
		occ 33 -> vir 71 : 0.278576%
		occ 3 -> vir 75 : 0.109595%
		occ 32 -> vir 75 : 0.0524571%
		occ 3 -> vir 76 : 0.13677%
		occ 10 -> vir 76 : 0.051889%
		occ 17 -> vir 76 : 0.114914%
		occ 32 -> vir 76 : 0.0800676%
		occ 33 -> vir 76 : 0.0781866%
		occ 3 -> vir 77 : 0.12718%
		occ 10 -> vir 77 : 0.0754773%
		occ 17 -> vir 77 : 0.255032%
		occ 32 -> vir 77 : 0.0930952%
		occ 33 -> vir 77 : 0.134509%
		occ 3 -> vir 79 : 0.114329%
		occ 17 -> vir 79 : 0.0655567%
		occ 32 -> vir 79 : 0.0593991%
		occ 3 -> vir 80 : 0.211918%
		occ 10 -> vir 80 : 0.0888604%
		occ 17 -> vir 80 : 0.146356%
		occ 32 -> vir 80 : 0.117588%
		occ 33 -> vir 80 : 0.105895%
		occ 3 -> vir 81 : 0.096426%
		occ 10 -> vir 81 : 0.0634087%
		occ 17 -> vir 81 : 0.086122%
		occ 32 -> vir 81 : 0.0571829%
		occ 33 -> vir 81 : 0.0576506%
		occ 3 -> vir 83 : 0.0588338%
		occ 17 -> vir 83 : 0.0703561%
		occ 3 -> vir 87 : 0.159198%
		occ 10 -> vir 87 : 0.0543986%
		occ 17 -> vir 87 : 0.128762%
		occ 32 -> vir 87 : 0.0901051%
		occ 33 -> vir 87 : 0.0859054%
		occ 3 -> vir 88 : 0.086502%
		occ 10 -> vir 88 : 0.0800566%
		occ 17 -> vir 88 : 0.120576%
		occ 32 -> vir 88 : 0.0615438%
		occ 33 -> vir 88 : 0.0750995%
		occ 3 -> vir 93 : 0.103764%
		occ 10 -> vir 93 : 0.0585568%
		occ 17 -> vir 93 : 0.0801773%
		occ 32 -> vir 93 : 0.0596762%
		occ 33 -> vir 93 : 0.0570657%
		occ 3 -> vir 94 : 0.192673%
		occ 10 -> vir 94 : 0.0788268%
		occ 17 -> vir 94 : 0.14585%
		occ 32 -> vir 94 : 0.112963%
		occ 33 -> vir 94 : 0.105158%
		occ 3 -> vir 96 : 0.199054%
		occ 10 -> vir 96 : 0.134261%
		occ 17 -> vir 96 : 0.239195%
		occ 32 -> vir 96 : 0.134891%
		occ 33 -> vir 96 : 0.152968%
		occ 17 -> vir 102 : 0.0592848%
		occ 3 -> vir 103 : 0.0692491%
		occ 3 -> vir 119 : 0.195602%
		occ 10 -> vir 119 : 0.0743475%
		occ 17 -> vir 119 : 0.168178%
		occ 32 -> vir 119 : 0.116806%
		occ 33 -> vir 119 : 0.116758%
		occ 3 -> vir 120 : 0.0906541%
		occ 3 -> vir 121 : 0.15545%
		occ 10 -> vir 121 : 0.0686889%
		occ 17 -> vir 121 : 0.129675%
		occ 32 -> vir 121 : 0.0918954%
		occ 33 -> vir 121 : 0.0926524%
		occ 3 -> vir 123 : 0.149347%
		occ 32 -> vir 123 : 0.06111%
		occ 3 -> vir 126 : 0.0552329%
		occ 3 -> vir 129 : 0.173537%
		occ 10 -> vir 129 : 0.061724%
		occ 17 -> vir 129 : 0.0619424%
		occ 32 -> vir 129 : 0.0874349%
		occ 33 -> vir 129 : 0.0572731%
		occ 3 -> vir 134 : 0.0520643%
		occ 3 -> vir 139 : 0.105458%
		occ 10 -> vir 139 : 0.0796784%
		occ 17 -> vir 139 : 0.168243%
		occ 32 -> vir 139 : 0.0747769%
		occ 33 -> vir 139 : 0.0956953%
		occ 3 -> vir 140 : 0.118871%
		occ 32 -> vir 140 : 0.0581849%
		occ 3 -> vir 141 : 0.122972%
		occ 32 -> vir 141 : 0.0564255%
		occ 3 -> vir 142 : 0.10203%
		occ 10 -> vir 142 : 0.0666091%
		occ 17 -> vir 142 : 0.160877%
		occ 32 -> vir 142 : 0.0730613%
		occ 33 -> vir 142 : 0.0923084%
		occ 3 -> vir 146 : 0.162068%
		occ 10 -> vir 146 : 0.0725246%
		occ 17 -> vir 146 : 0.0853267%
		occ 32 -> vir 146 : 0.0920518%
		occ 33 -> vir 146 : 0.0718506%
		occ 3 -> vir 148 : 0.302508%
		occ 10 -> vir 148 : 0.159956%
		occ 17 -> vir 148 : 0.217022%
		occ 32 -> vir 148 : 0.180374%
		occ 33 -> vir 148 : 0.160582%
		occ 3 -> vir 150 : 0.158774%
		occ 10 -> vir 150 : 0.0943415%
		occ 17 -> vir 150 : 0.2468%
		occ 32 -> vir 150 : 0.111962%
		occ 33 -> vir 150 : 0.145691%
		occ 3 -> vir 152 : 0.381248%
		occ 10 -> vir 152 : 0.129816%
		occ 17 -> vir 152 : 0.303682%
		occ 32 -> vir 152 : 0.219336%
		occ 33 -> vir 152 : 0.207176%
		occ 3 -> vir 153 : 0.143288%
		occ 10 -> vir 153 : 0.134726%
		occ 17 -> vir 153 : 0.193742%
		occ 32 -> vir 153 : 0.104237%
		occ 33 -> vir 153 : 0.130284%
		occ 3 -> vir 157 : 0.673262%
		occ 10 -> vir 157 : 0.379177%
		occ 17 -> vir 157 : 0.588254%
		occ 32 -> vir 157 : 0.408967%
		occ 33 -> vir 157 : 0.409419%
		occ 3 -> vir 159 : 0.184646%
		occ 10 -> vir 159 : 0.0659496%
		occ 17 -> vir 159 : 0.0840318%
		occ 32 -> vir 159 : 0.0985243%
		occ 33 -> vir 159 : 0.0744193%
		occ 3 -> vir 164 : 0.780723%
		occ 10 -> vir 164 : 0.458379%
		occ 17 -> vir 164 : 0.710833%
		occ 32 -> vir 164 : 0.478021%
		occ 33 -> vir 164 : 0.488325%
		occ 3 -> vir 166 : 0.43199%
		occ 10 -> vir 166 : 0.283572%
		occ 17 -> vir 166 : 0.408993%
		occ 32 -> vir 166 : 0.269471%
		occ 33 -> vir 166 : 0.278729%
		occ 3 -> vir 170 : 0.113435%
		occ 10 -> vir 170 : 0.0669087%
		occ 17 -> vir 170 : 0.0757486%
		occ 32 -> vir 170 : 0.0677024%
		occ 33 -> vir 170 : 0.0588788%
		occ 3 -> vir 174 : 0.108273%
		occ 10 -> vir 174 : 0.0575798%
		occ 17 -> vir 174 : 0.0892022%
		occ 32 -> vir 174 : 0.0645992%
		occ 33 -> vir 174 : 0.0628611%
		occ 3 -> vir 176 : 0.132037%
		occ 32 -> vir 176 : 0.0676499%
		occ 17 -> vir 181 : 0.0624617%
		occ 3 -> vir 190 : 0.101313%
		occ 10 -> vir 190 : 0.073022%
		occ 17 -> vir 190 : 0.115181%
		occ 32 -> vir 190 : 0.0704413%
		occ 33 -> vir 190 : 0.0774401%
		occ 3 -> vir 194 : 0.0677548%
		occ 10 -> vir 194 : 0.0677944%
		occ 3 -> vir 199 : 0.0590614%
		occ 17 -> vir 199 : 0.0522706%
		occ 3 -> vir 205 : 0.0956387%
		occ 17 -> vir 205 : 0.0549776%
		occ 3 -> vir 207 : 0.0519578%
		occ 3 -> vir 210 : 0.061172%
		occ 3 -> vir 212 : 0.0696887%
		occ 17 -> vir 212 : 0.0791098%
		occ 33 -> vir 212 : 0.0509083%
		occ 3 -> vir 216 : 0.212701%
		occ 10 -> vir 216 : 0.0935053%
		occ 17 -> vir 216 : 0.197593%
		occ 32 -> vir 216 : 0.128757%
		occ 33 -> vir 216 : 0.133467%
		occ 3 -> vir 227 : 0.196999%
		occ 17 -> vir 227 : 0.147792%
		occ 32 -> vir 227 : 0.106744%
		occ 33 -> vir 227 : 0.100991%
		occ 3 -> vir 247 : 0.0863232%
		occ 10 -> vir 247 : 0.0763456%
		occ 17 -> vir 247 : 0.0754692%
		occ 32 -> vir 247 : 0.0558995%
		occ 33 -> vir 247 : 0.0564195%
		occ 3 -> vir 248 : 0.068122%
		occ 10 -> vir 248 : 0.100114%
		occ 17 -> vir 248 : 0.0605608%
		occ 3 -> vir 267 : 0.057346%
		occ 17 -> vir 267 : 0.0618379%
		occ 3 -> vir 277 : 0.0615205%
		occ 17 -> vir 277 : 0.0864869%
		occ 17 -> vir 278 : 0.0512906%
		occ 3 -> vir 298 : 0.0938133%
		occ 17 -> vir 298 : 0.0723058%
		occ 32 -> vir 298 : 0.0504258%
		occ 3 -> vir 304 : 0.0529154%
	-- End Root 2, <X+Y|X-Y> = 1 --
	-- Root 3 --
		occ 3 -> vir 36 : 0.149632%
		occ 10 -> vir 36 : 0.0888709%
		occ 17 -> vir 36 : 0.118626%
		occ 32 -> vir 36 : 0.0666667%
		occ 33 -> vir 36 : 0.065047%
		occ 3 -> vir 40 : 0.163895%
		occ 10 -> vir 40 : 0.0973147%
		occ 17 -> vir 40 : 0.129813%
		occ 32 -> vir 40 : 0.07108%
		occ 33 -> vir 40 : 0.0701597%
		occ 3 -> vir 51 : 1.38965%
		occ 10 -> vir 51 : 0.821754%
		occ 17 -> vir 51 : 1.0965%
		occ 32 -> vir 51 : 0.623832%
		occ 33 -> vir 51 : 0.58193%
		occ 3 -> vir 54 : 3.13353%
		occ 10 -> vir 54 : 1.85601%
		occ 17 -> vir 54 : 2.4752%
		occ 32 -> vir 54 : 1.40654%
		occ 33 -> vir 54 : 1.32335%
		occ 3 -> vir 58 : 2.72302%
		occ 10 -> vir 58 : 1.61145%
		occ 17 -> vir 58 : 2.1472%
		occ 32 -> vir 58 : 1.22447%
		occ 33 -> vir 58 : 1.14215%
		occ 3 -> vir 62 : 0.0626833%
		occ 17 -> vir 62 : 0.0505168%
		occ 3 -> vir 63 : 1.55275%
		occ 10 -> vir 63 : 0.922858%
		occ 17 -> vir 63 : 1.22955%
		occ 32 -> vir 63 : 0.690116%
		occ 33 -> vir 63 : 0.664037%
		occ 3 -> vir 67 : 0.0681169%
		occ 17 -> vir 67 : 0.051686%
		occ 3 -> vir 72 : 0.0755204%
		occ 17 -> vir 72 : 0.0578999%
		occ 3 -> vir 73 : 0.708969%
		occ 10 -> vir 73 : 0.422867%
		occ 17 -> vir 73 : 0.566779%
		occ 32 -> vir 73 : 0.308138%
		occ 33 -> vir 73 : 0.326937%
		occ 3 -> vir 78 : 0.390218%
		occ 10 -> vir 78 : 0.232758%
		occ 17 -> vir 78 : 0.313888%
		occ 32 -> vir 78 : 0.164836%
		occ 33 -> vir 78 : 0.182406%
		occ 3 -> vir 89 : 0.19198%
		occ 10 -> vir 89 : 0.115066%
		occ 17 -> vir 89 : 0.154366%
		occ 32 -> vir 89 : 0.0808%
		occ 33 -> vir 89 : 0.0808794%
		occ 3 -> vir 98 : 0.892936%
		occ 10 -> vir 98 : 0.533414%
		occ 17 -> vir 98 : 0.711717%
		occ 32 -> vir 98 : 0.383616%
		occ 33 -> vir 98 : 0.383747%
		occ 3 -> vir 99 : 0.170274%
		occ 10 -> vir 99 : 0.101286%
		occ 17 -> vir 99 : 0.132037%
		occ 32 -> vir 99 : 0.0738552%
		occ 33 -> vir 99 : 0.0680008%
		occ 3 -> vir 105 : 0.463195%
		occ 10 -> vir 105 : 0.276053%
		occ 17 -> vir 105 : 0.365352%
		occ 32 -> vir 105 : 0.199316%
		occ 33 -> vir 105 : 0.192466%
		occ 3 -> vir 106 : 0.636985%
		occ 10 -> vir 106 : 0.381741%
		occ 17 -> vir 106 : 0.507168%
		occ 32 -> vir 106 : 0.272672%
		occ 33 -> vir 106 : 0.274399%
		occ 3 -> vir 110 : 0.164194%
		occ 10 -> vir 110 : 0.0982847%
		occ 17 -> vir 110 : 0.13121%
		occ 32 -> vir 110 : 0.0698749%
		occ 33 -> vir 110 : 0.0672414%
		occ 3 -> vir 111 : 1.06702%
		occ 10 -> vir 111 : 0.636328%
		occ 17 -> vir 111 : 0.846259%
		occ 32 -> vir 111 : 0.447954%
		occ 33 -> vir 111 : 0.447267%
		occ 3 -> vir 113 : 0.32345%
		occ 10 -> vir 113 : 0.192098%
		occ 17 -> vir 113 : 0.254481%
		occ 32 -> vir 113 : 0.130252%
		occ 33 -> vir 113 : 0.130805%
		occ 3 -> vir 118 : 0.419622%
		occ 10 -> vir 118 : 0.252593%
		occ 17 -> vir 118 : 0.338184%
		occ 32 -> vir 118 : 0.176196%
		occ 33 -> vir 118 : 0.185047%
		occ 3 -> vir 125 : 0.0553217%
		occ 3 -> vir 128 : 0.129611%
		occ 10 -> vir 128 : 0.0769144%
		occ 17 -> vir 128 : 0.101674%
		occ 32 -> vir 128 : 0.0574273%
		occ 33 -> vir 128 : 0.0527681%
		occ 3 -> vir 138 : 1.38066%
		occ 10 -> vir 138 : 0.818051%
		occ 17 -> vir 138 : 1.08544%
		occ 32 -> vir 138 : 0.613234%
		occ 33 -> vir 138 : 0.568808%
		occ 3 -> vir 143 : 1.91992%
		occ 10 -> vir 143 : 1.14071%
		occ 17 -> vir 143 : 1.5108%
		occ 32 -> vir 143 : 0.851512%
		occ 33 -> vir 143 : 0.79074%
		occ 3 -> vir 144 : 0.744282%
		occ 10 -> vir 144 : 0.442848%
		occ 17 -> vir 144 : 0.585397%
		occ 32 -> vir 144 : 0.33032%
		occ 33 -> vir 144 : 0.301836%
		occ 3 -> vir 151 : 0.207516%
		occ 10 -> vir 151 : 0.123329%
		occ 17 -> vir 151 : 0.164544%
		occ 32 -> vir 151 : 0.0958142%
		occ 33 -> vir 151 : 0.0901147%
		occ 3 -> vir 156 : 0.309656%
		occ 10 -> vir 156 : 0.183974%
		occ 17 -> vir 156 : 0.245601%
		occ 32 -> vir 156 : 0.140534%
		occ 33 -> vir 156 : 0.129744%
		occ 3 -> vir 158 : 0.240317%
		occ 10 -> vir 158 : 0.142868%
		occ 17 -> vir 158 : 0.190577%
		occ 32 -> vir 158 : 0.10285%
		occ 33 -> vir 158 : 0.103482%
		occ 3 -> vir 162 : 0.0566057%
		occ 3 -> vir 163 : 0.0668516%
		occ 17 -> vir 163 : 0.0528706%
		occ 3 -> vir 168 : 0.093254%
		occ 10 -> vir 168 : 0.0555345%
		occ 17 -> vir 168 : 0.0738276%
		occ 3 -> vir 175 : 0.0876401%
		occ 10 -> vir 175 : 0.0519749%
		occ 17 -> vir 175 : 0.0687245%
		occ 3 -> vir 178 : 0.410579%
		occ 10 -> vir 178 : 0.24426%
		occ 17 -> vir 178 : 0.323875%
		occ 32 -> vir 178 : 0.179963%
		occ 33 -> vir 178 : 0.174032%
		occ 3 -> vir 183 : 0.0904518%
		occ 10 -> vir 183 : 0.0538505%
		occ 17 -> vir 183 : 0.0714743%
		occ 3 -> vir 187 : 0.100814%
		occ 10 -> vir 187 : 0.0602341%
		occ 17 -> vir 187 : 0.0798648%
		occ 3 -> vir 188 : 0.0859847%
		occ 10 -> vir 188 : 0.0514142%
		occ 17 -> vir 188 : 0.0682335%
		occ 3 -> vir 202 : 0.198009%
		occ 10 -> vir 202 : 0.117758%
		occ 17 -> vir 202 : 0.157287%
		occ 32 -> vir 202 : 0.0881339%
		occ 33 -> vir 202 : 0.0867133%
		occ 3 -> vir 204 : 0.0808714%
		occ 17 -> vir 204 : 0.0634069%
		occ 3 -> vir 206 : 0.611841%
		occ 10 -> vir 206 : 0.364022%
		occ 17 -> vir 206 : 0.485462%
		occ 32 -> vir 206 : 0.268964%
		occ 33 -> vir 206 : 0.260901%
		occ 3 -> vir 214 : 0.454258%
		occ 10 -> vir 214 : 0.270142%
		occ 17 -> vir 214 : 0.359766%
		occ 32 -> vir 214 : 0.199129%
		occ 33 -> vir 214 : 0.190255%
		occ 3 -> vir 223 : 0.749278%
		occ 10 -> vir 223 : 0.44154%
		occ 17 -> vir 223 : 0.585495%
		occ 32 -> vir 223 : 0.340928%
		occ 33 -> vir 223 : 0.316915%
		occ 3 -> vir 225 : 0.872196%
		occ 10 -> vir 225 : 0.515723%
		occ 17 -> vir 225 : 0.681579%
		occ 32 -> vir 225 : 0.399824%
		occ 33 -> vir 225 : 0.367901%
		occ 3 -> vir 228 : 0.060236%
		occ 3 -> vir 229 : 0.0642307%
		occ 17 -> vir 229 : 0.0500222%
		occ 3 -> vir 230 : 0.186766%
		occ 10 -> vir 230 : 0.11087%
		occ 17 -> vir 230 : 0.146311%
		occ 32 -> vir 230 : 0.0856885%
		occ 33 -> vir 230 : 0.0809562%
		occ 3 -> vir 236 : 0.153367%
		occ 10 -> vir 236 : 0.0919242%
		occ 17 -> vir 236 : 0.122217%
		occ 32 -> vir 236 : 0.0718382%
		occ 33 -> vir 236 : 0.0680924%
		occ 3 -> vir 240 : 0.18841%
		occ 10 -> vir 240 : 0.113249%
		occ 17 -> vir 240 : 0.151948%
		occ 32 -> vir 240 : 0.0822888%
		occ 33 -> vir 240 : 0.0851136%
		occ 3 -> vir 244 : 0.294976%
		occ 10 -> vir 244 : 0.176938%
		occ 17 -> vir 244 : 0.235995%
		occ 32 -> vir 244 : 0.131315%
		occ 33 -> vir 244 : 0.132628%
		occ 3 -> vir 245 : 0.397124%
		occ 10 -> vir 245 : 0.237737%
		occ 17 -> vir 245 : 0.317385%
		occ 32 -> vir 245 : 0.179351%
		occ 33 -> vir 245 : 0.175519%
		occ 3 -> vir 252 : 0.209839%
		occ 10 -> vir 252 : 0.123875%
		occ 17 -> vir 252 : 0.165202%
		occ 32 -> vir 252 : 0.0929251%
		occ 33 -> vir 252 : 0.0864104%
		occ 3 -> vir 257 : 0.159981%
		occ 10 -> vir 257 : 0.0947781%
		occ 17 -> vir 257 : 0.126086%
		occ 32 -> vir 257 : 0.0702726%
		occ 33 -> vir 257 : 0.0682353%
		occ 3 -> vir 264 : 0.608007%
		occ 10 -> vir 264 : 0.360521%
		occ 17 -> vir 264 : 0.480378%
		occ 32 -> vir 264 : 0.267949%
		occ 33 -> vir 264 : 0.258475%
		occ 3 -> vir 270 : 0.421092%
		occ 10 -> vir 270 : 0.250229%
		occ 17 -> vir 270 : 0.332808%
		occ 32 -> vir 270 : 0.185267%
		occ 33 -> vir 270 : 0.17681%
		occ 3 -> vir 275 : 0.291081%
		occ 10 -> vir 275 : 0.172781%
		occ 17 -> vir 275 : 0.229487%
		occ 32 -> vir 275 : 0.128611%
		occ 33 -> vir 275 : 0.121416%
		occ 3 -> vir 283 : 0.563897%
		occ 10 -> vir 283 : 0.335765%
		occ 17 -> vir 283 : 0.447434%
		occ 32 -> vir 283 : 0.248385%
		occ 33 -> vir 283 : 0.23683%
		occ 3 -> vir 288 : 0.500447%
		occ 10 -> vir 288 : 0.298601%
		occ 17 -> vir 288 : 0.398864%
		occ 32 -> vir 288 : 0.219682%
		occ 33 -> vir 288 : 0.212435%
		occ 3 -> vir 289 : 0.269498%
		occ 10 -> vir 289 : 0.160858%
		occ 17 -> vir 289 : 0.214992%
		occ 32 -> vir 289 : 0.118222%
		occ 33 -> vir 289 : 0.114904%
		occ 3 -> vir 291 : 0.0853531%
		occ 10 -> vir 291 : 0.051419%
		occ 17 -> vir 291 : 0.0689706%
		occ 3 -> vir 295 : 0.115976%
		occ 10 -> vir 295 : 0.0692443%
		occ 17 -> vir 295 : 0.0924527%
		occ 32 -> vir 295 : 0.050216%
		occ 33 -> vir 295 : 0.0513393%
		occ 3 -> vir 296 : 0.16987%
		occ 10 -> vir 296 : 0.101298%
		occ 17 -> vir 296 : 0.135903%
		occ 32 -> vir 296 : 0.0763147%
		occ 33 -> vir 296 : 0.074743%
		occ 3 -> vir 307 : 0.0560802%
		occ 3 -> vir 308 : 0.056911%
		occ 3 -> vir 310 : 0.0514776%
		occ 3 -> vir 323 : 0.775331%
		occ 10 -> vir 323 : 0.460643%
		occ 17 -> vir 323 : 0.610576%
		occ 32 -> vir 323 : 0.350757%
		occ 33 -> vir 323 : 0.324096%
		occ 3 -> vir 324 : 0.767701%
		occ 10 -> vir 324 : 0.455969%
		occ 17 -> vir 324 : 0.604795%
		occ 32 -> vir 324 : 0.347227%
		occ 33 -> vir 324 : 0.320511%
	-- End Root 3, <X+Y|X-Y> = 1 --
	-- Root 4 --
		occ 3 -> vir 45 : 0.0656771%
		occ 17 -> vir 45 : 0.0517516%
		occ 3 -> vir 47 : 0.265999%
		occ 10 -> vir 47 : 0.158095%
		occ 17 -> vir 47 : 0.210642%
		occ 32 -> vir 47 : 0.11655%
		occ 33 -> vir 47 : 0.116666%
		occ 3 -> vir 48 : 0.318029%
		occ 10 -> vir 48 : 0.189102%
		occ 17 -> vir 48 : 0.25166%
		occ 32 -> vir 48 : 0.144863%
		occ 33 -> vir 48 : 0.133508%
		occ 3 -> vir 49 : 1.05296%
		occ 10 -> vir 49 : 0.625948%
		occ 17 -> vir 49 : 0.83311%
		occ 32 -> vir 49 : 0.476172%
		occ 33 -> vir 49 : 0.438284%
		occ 3 -> vir 50 : 1.68699%
		occ 10 -> vir 50 : 1.0018%
		occ 17 -> vir 50 : 1.33232%
		occ 32 -> vir 50 : 0.756891%
		occ 33 -> vir 50 : 0.7007%
		occ 3 -> vir 52 : 1.17012%
		occ 10 -> vir 52 : 0.694421%
		occ 17 -> vir 52 : 0.923823%
		occ 32 -> vir 52 : 0.516749%
		occ 33 -> vir 52 : 0.492803%
		occ 3 -> vir 55 : 0.224156%
		occ 10 -> vir 55 : 0.133485%
		occ 17 -> vir 55 : 0.17817%
		occ 32 -> vir 55 : 0.100561%
		occ 33 -> vir 55 : 0.0935335%
		occ 3 -> vir 59 : 0.226554%
		occ 10 -> vir 59 : 0.133928%
		occ 17 -> vir 59 : 0.177807%
		occ 32 -> vir 59 : 0.103331%
		occ 33 -> vir 59 : 0.0901669%
		occ 3 -> vir 60 : 0.319753%
		occ 10 -> vir 60 : 0.189912%
		occ 17 -> vir 60 : 0.253068%
		occ 32 -> vir 60 : 0.141285%
		occ 33 -> vir 60 : 0.131772%
		occ 3 -> vir 65 : 0.380092%
		occ 10 -> vir 65 : 0.225125%
		occ 17 -> vir 65 : 0.298965%
		occ 32 -> vir 65 : 0.165202%
		occ 33 -> vir 65 : 0.160543%
		occ 3 -> vir 68 : 0.0712528%
		occ 17 -> vir 68 : 0.0554267%
		occ 3 -> vir 71 : 0.336654%
		occ 10 -> vir 71 : 0.198889%
		occ 17 -> vir 71 : 0.264302%
		occ 32 -> vir 71 : 0.153968%
		occ 33 -> vir 71 : 0.137794%
		occ 3 -> vir 74 : 0.110042%
		occ 10 -> vir 74 : 0.0651618%
		occ 17 -> vir 74 : 0.086892%
		occ 3 -> vir 76 : 0.226881%
		occ 10 -> vir 76 : 0.134169%
		occ 17 -> vir 76 : 0.178083%
		occ 32 -> vir 76 : 0.102899%
		occ 33 -> vir 76 : 0.0940364%
		occ 3 -> vir 77 : 0.360128%
		occ 10 -> vir 77 : 0.213657%
		occ 17 -> vir 77 : 0.284137%
		occ 32 -> vir 77 : 0.158653%
		occ 33 -> vir 77 : 0.151455%
		occ 3 -> vir 81 : 0.155279%
		occ 10 -> vir 81 : 0.0921874%
		occ 17 -> vir 81 : 0.122868%
		occ 32 -> vir 81 : 0.0667638%
		occ 33 -> vir 81 : 0.0684006%
		occ 3 -> vir 84 : 0.199861%
		occ 10 -> vir 84 : 0.118537%
		occ 17 -> vir 84 : 0.157471%
		occ 32 -> vir 84 : 0.0866537%
		occ 33 -> vir 84 : 0.0861856%
		occ 3 -> vir 85 : 0.368215%
		occ 10 -> vir 85 : 0.218398%
		occ 17 -> vir 85 : 0.291043%
		occ 32 -> vir 85 : 0.16261%
		occ 33 -> vir 85 : 0.156609%
		occ 3 -> vir 86 : 0.500846%
		occ 10 -> vir 86 : 0.296742%
		occ 17 -> vir 86 : 0.394701%
		occ 32 -> vir 86 : 0.21887%
		occ 33 -> vir 86 : 0.209909%
		occ 3 -> vir 87 : 0.159697%
		occ 10 -> vir 87 : 0.0940498%
		occ 17 -> vir 87 : 0.124815%
		occ 32 -> vir 87 : 0.0701717%
		occ 33 -> vir 87 : 0.0660528%
		occ 3 -> vir 102 : 0.236085%
		occ 10 -> vir 102 : 0.140695%
		occ 17 -> vir 102 : 0.187162%
		occ 32 -> vir 102 : 0.106606%
		occ 33 -> vir 102 : 0.098%
		occ 3 -> vir 104 : 0.301896%
		occ 10 -> vir 104 : 0.179777%
		occ 17 -> vir 104 : 0.238385%
		occ 32 -> vir 104 : 0.13416%
		occ 33 -> vir 104 : 0.128653%
		occ 3 -> vir 107 : 0.258099%
		occ 10 -> vir 107 : 0.153226%
		occ 17 -> vir 107 : 0.202628%
		occ 32 -> vir 107 : 0.120143%
		occ 33 -> vir 107 : 0.108902%
		occ 3 -> vir 108 : 0.157094%
		occ 10 -> vir 108 : 0.0926199%
		occ 17 -> vir 108 : 0.12155%
		occ 32 -> vir 108 : 0.0711217%
		occ 33 -> vir 108 : 0.0671088%
		occ 3 -> vir 114 : 0.722888%
		occ 10 -> vir 114 : 0.429621%
		occ 17 -> vir 114 : 0.570483%
		occ 32 -> vir 114 : 0.319775%
		occ 33 -> vir 114 : 0.301527%
		occ 3 -> vir 115 : 0.314934%
		occ 10 -> vir 115 : 0.187373%
		occ 17 -> vir 115 : 0.249324%
		occ 32 -> vir 115 : 0.138795%
		occ 33 -> vir 115 : 0.125631%
		occ 3 -> vir 117 : 0.0957728%
		occ 10 -> vir 117 : 0.0562327%
		occ 17 -> vir 117 : 0.0739828%
		occ 3 -> vir 120 : 0.173757%
		occ 10 -> vir 120 : 0.102404%
		occ 17 -> vir 120 : 0.135321%
		occ 32 -> vir 120 : 0.0790034%
		occ 33 -> vir 120 : 0.0644651%
		occ 3 -> vir 121 : 0.327571%
		occ 10 -> vir 121 : 0.193429%
		occ 17 -> vir 121 : 0.256023%
		occ 32 -> vir 121 : 0.149996%
		occ 33 -> vir 121 : 0.128412%
		occ 3 -> vir 122 : 0.282578%
		occ 10 -> vir 122 : 0.168954%
		occ 17 -> vir 122 : 0.225302%
		occ 32 -> vir 122 : 0.122018%
		occ 33 -> vir 122 : 0.12922%
		occ 3 -> vir 123 : 0.342688%
		occ 10 -> vir 123 : 0.202597%
		occ 17 -> vir 123 : 0.267911%
		occ 32 -> vir 123 : 0.159578%
		occ 33 -> vir 123 : 0.134599%
		occ 3 -> vir 124 : 0.844599%
		occ 10 -> vir 124 : 0.503188%
		occ 17 -> vir 124 : 0.669516%
		occ 32 -> vir 124 : 0.36886%
		occ 33 -> vir 124 : 0.36521%
		occ 3 -> vir 130 : 1.38781%
		occ 10 -> vir 130 : 0.825981%
		occ 17 -> vir 130 : 1.09841%
		occ 32 -> vir 130 : 0.605774%
		occ 33 -> vir 130 : 0.593233%
		occ 3 -> vir 132 : 0.657698%
		occ 10 -> vir 132 : 0.389832%
		occ 17 -> vir 132 : 0.518241%
		occ 32 -> vir 132 : 0.30278%
		occ 33 -> vir 132 : 0.270325%
		occ 3 -> vir 135 : 0.751224%
		occ 10 -> vir 135 : 0.449581%
		occ 17 -> vir 135 : 0.599128%
		occ 32 -> vir 135 : 0.317474%
		occ 33 -> vir 135 : 0.326819%
		occ 3 -> vir 142 : 0.494505%
		occ 10 -> vir 142 : 0.294871%
		occ 17 -> vir 142 : 0.392391%
		occ 32 -> vir 142 : 0.212152%
		occ 33 -> vir 142 : 0.210086%
		occ 3 -> vir 145 : 0.693325%
		occ 10 -> vir 145 : 0.412755%
		occ 17 -> vir 145 : 0.549977%
		occ 32 -> vir 145 : 0.307189%
		occ 33 -> vir 145 : 0.297432%
		occ 3 -> vir 146 : 0.567199%
		occ 10 -> vir 146 : 0.33763%
		occ 17 -> vir 146 : 0.449448%
		occ 32 -> vir 146 : 0.246857%
		occ 33 -> vir 146 : 0.245927%
		occ 3 -> vir 148 : 0.340487%
		occ 10 -> vir 148 : 0.202348%
		occ 17 -> vir 148 : 0.270136%
		occ 32 -> vir 148 : 0.150049%
		occ 33 -> vir 148 : 0.147818%
		occ 3 -> vir 149 : 0.102149%
		occ 10 -> vir 149 : 0.0605752%
		occ 17 -> vir 149 : 0.0803435%
		occ 3 -> vir 150 : 0.496148%
		occ 10 -> vir 150 : 0.296089%
		occ 17 -> vir 150 : 0.394972%
		occ 32 -> vir 150 : 0.22389%
		occ 33 -> vir 150 : 0.215024%
		occ 3 -> vir 152 : 0.421331%
		occ 10 -> vir 152 : 0.252201%
		occ 17 -> vir 152 : 0.337066%
		occ 32 -> vir 152 : 0.187333%
		occ 33 -> vir 152 : 0.184459%
		occ 3 -> vir 154 : 0.237396%
		occ 10 -> vir 154 : 0.141788%
		occ 17 -> vir 154 : 0.189581%
		occ 32 -> vir 154 : 0.107029%
		occ 33 -> vir 154 : 0.102875%
		occ 3 -> vir 155 : 0.365337%
		occ 10 -> vir 155 : 0.217863%
		occ 17 -> vir 155 : 0.290528%
		occ 32 -> vir 155 : 0.152151%
		occ 33 -> vir 155 : 0.154604%
		occ 3 -> vir 157 : 0.151303%
		occ 10 -> vir 157 : 0.0894081%
		occ 17 -> vir 157 : 0.118173%
		occ 32 -> vir 157 : 0.0677514%
		occ 33 -> vir 157 : 0.0601402%
		occ 3 -> vir 159 : 1.04574%
		occ 10 -> vir 159 : 0.624557%
		occ 17 -> vir 159 : 0.831461%
		occ 32 -> vir 159 : 0.452905%
		occ 33 -> vir 159 : 0.450964%
		occ 3 -> vir 160 : 0.120486%
		occ 10 -> vir 160 : 0.0718449%
		occ 17 -> vir 160 : 0.0960551%
		occ 32 -> vir 160 : 0.0500899%
		occ 33 -> vir 160 : 0.0543166%
		occ 3 -> vir 161 : 0.103899%
		occ 10 -> vir 161 : 0.0620288%
		occ 17 -> vir 161 : 0.0826104%
		occ 3 -> vir 165 : 0.98478%
		occ 10 -> vir 165 : 0.587287%
		occ 17 -> vir 165 : 0.781312%
		occ 32 -> vir 165 : 0.436877%
		occ 33 -> vir 165 : 0.418404%
		occ 3 -> vir 166 : 0.211741%
		occ 10 -> vir 166 : 0.12504%
		occ 17 -> vir 166 : 0.166001%
		occ 32 -> vir 166 : 0.0940315%
		occ 33 -> vir 166 : 0.0861152%
		occ 3 -> vir 170 : 0.244625%
		occ 10 -> vir 170 : 0.145437%
		occ 17 -> vir 170 : 0.19333%
		occ 32 -> vir 170 : 0.10903%
		occ 33 -> vir 170 : 0.104148%
		occ 3 -> vir 173 : 0.128902%
		occ 10 -> vir 173 : 0.0766557%
		occ 17 -> vir 173 : 0.101548%
		occ 32 -> vir 173 : 0.0574364%
		occ 33 -> vir 173 : 0.0555953%
		occ 3 -> vir 174 : 0.114541%
		occ 10 -> vir 174 : 0.0676211%
		occ 17 -> vir 174 : 0.0893161%
		occ 32 -> vir 174 : 0.0533828%
		occ 3 -> vir 176 : 0.140388%
		occ 10 -> vir 176 : 0.0827123%
		occ 17 -> vir 176 : 0.109568%
		occ 32 -> vir 176 : 0.0643981%
		occ 33 -> vir 176 : 0.0580969%
		occ 3 -> vir 177 : 0.147025%
		occ 10 -> vir 177 : 0.0873083%
		occ 17 -> vir 177 : 0.115754%
		occ 32 -> vir 177 : 0.0641741%
		occ 33 -> vir 177 : 0.0616215%
		occ 3 -> vir 179 : 0.410607%
		occ 10 -> vir 179 : 0.243801%
		occ 17 -> vir 179 : 0.323817%
		occ 32 -> vir 179 : 0.188594%
		occ 33 -> vir 179 : 0.167192%
		occ 3 -> vir 180 : 0.0921847%
		occ 10 -> vir 180 : 0.0555672%
		occ 17 -> vir 180 : 0.0743086%
		occ 3 -> vir 181 : 0.359939%
		occ 10 -> vir 181 : 0.214614%
		occ 17 -> vir 181 : 0.286047%
		occ 32 -> vir 181 : 0.154127%
		occ 33 -> vir 181 : 0.151383%
		occ 3 -> vir 182 : 0.978781%
		occ 10 -> vir 182 : 0.581427%
		occ 17 -> vir 182 : 0.774084%
		occ 32 -> vir 182 : 0.447665%
		occ 33 -> vir 182 : 0.399594%
		occ 3 -> vir 192 : 0.170185%
		occ 10 -> vir 192 : 0.101322%
		occ 17 -> vir 192 : 0.135373%
		occ 32 -> vir 192 : 0.0704728%
		occ 33 -> vir 192 : 0.0698191%
		occ 3 -> vir 195 : 0.213017%
		occ 10 -> vir 195 : 0.126557%
		occ 17 -> vir 195 : 0.16867%
		occ 32 -> vir 195 : 0.0907591%
		occ 33 -> vir 195 : 0.0870551%
		occ 3 -> vir 196 : 0.0644409%
		occ 17 -> vir 196 : 0.0506546%
		occ 3 -> vir 197 : 0.0933203%
		occ 10 -> vir 197 : 0.0556032%
		occ 17 -> vir 197 : 0.0738843%
		occ 3 -> vir 199 : 0.0549233%
		occ 3 -> vir 200 : 0.0805539%
		occ 17 -> vir 200 : 0.0629206%
		occ 3 -> vir 208 : 0.0791693%
		occ 17 -> vir 208 : 0.0631978%
		occ 3 -> vir 211 : 0.069366%
		occ 17 -> vir 211 : 0.0551403%
		occ 3 -> vir 217 : 0.112249%
		occ 10 -> vir 217 : 0.0669598%
		occ 17 -> vir 217 : 0.0889231%
		occ 3 -> vir 220 : 0.370308%
		occ 10 -> vir 220 : 0.220807%
		occ 17 -> vir 220 : 0.294595%
		occ 32 -> vir 220 : 0.157225%
		occ 33 -> vir 220 : 0.16568%
		occ 3 -> vir 222 : 0.0758966%
		occ 17 -> vir 222 : 0.0590749%
		occ 3 -> vir 226 : 0.110144%
		occ 10 -> vir 226 : 0.0661047%
		occ 17 -> vir 226 : 0.0876786%
		occ 33 -> vir 226 : 0.0528416%
		occ 3 -> vir 227 : 0.520434%
		occ 10 -> vir 227 : 0.310633%
		occ 17 -> vir 227 : 0.413429%
		occ 32 -> vir 227 : 0.220652%
		occ 33 -> vir 227 : 0.234651%
		occ 3 -> vir 231 : 0.0724827%
		occ 17 -> vir 231 : 0.0586418%
		occ 3 -> vir 233 : 0.0654985%
		occ 17 -> vir 233 : 0.0524678%
		occ 3 -> vir 234 : 0.0741184%
		occ 17 -> vir 234 : 0.0582897%
		occ 3 -> vir 250 : 0.0866628%
		occ 10 -> vir 250 : 0.0512416%
		occ 17 -> vir 250 : 0.0680444%
		occ 3 -> vir 251 : 0.217648%
		occ 10 -> vir 251 : 0.129054%
		occ 17 -> vir 251 : 0.171244%
		occ 32 -> vir 251 : 0.0945907%
		occ 33 -> vir 251 : 0.0874376%
		occ 3 -> vir 258 : 0.0974539%
		occ 10 -> vir 258 : 0.0579676%
		occ 17 -> vir 258 : 0.0771608%
		occ 3 -> vir 260 : 0.163674%
		occ 10 -> vir 260 : 0.0970588%
		occ 17 -> vir 260 : 0.12836%
		occ 32 -> vir 260 : 0.0702329%
		occ 33 -> vir 260 : 0.0687472%
		occ 3 -> vir 262 : 0.0540401%
		occ 3 -> vir 263 : 0.13714%
		occ 10 -> vir 263 : 0.0814447%
		occ 17 -> vir 263 : 0.107774%
		occ 32 -> vir 263 : 0.0622984%
		occ 33 -> vir 263 : 0.0574651%
		occ 3 -> vir 267 : 0.219117%
		occ 10 -> vir 267 : 0.13023%
		occ 17 -> vir 267 : 0.171962%
		occ 32 -> vir 267 : 0.0993361%
		occ 33 -> vir 267 : 0.0901154%
		occ 3 -> vir 276 : 0.220787%
		occ 10 -> vir 276 : 0.130779%
		occ 17 -> vir 276 : 0.172415%
		occ 32 -> vir 276 : 0.0990977%
		occ 33 -> vir 276 : 0.0875994%
		occ 3 -> vir 278 : 0.0851322%
		occ 10 -> vir 278 : 0.0502232%
		occ 17 -> vir 278 : 0.0670426%
		occ 3 -> vir 279 : 0.407923%
		occ 10 -> vir 279 : 0.241862%
		occ 17 -> vir 279 : 0.320033%
		occ 32 -> vir 279 : 0.180758%
		occ 33 -> vir 279 : 0.166295%
		occ 3 -> vir 280 : 0.184721%
		occ 10 -> vir 280 : 0.109683%
		occ 17 -> vir 280 : 0.145095%
		occ 32 -> vir 280 : 0.0810701%
		occ 33 -> vir 280 : 0.0766244%
		occ 3 -> vir 282 : 0.0811995%
		occ 17 -> vir 282 : 0.0647121%
		occ 3 -> vir 320 : 0.101472%
		occ 10 -> vir 320 : 0.0599688%
		occ 17 -> vir 320 : 0.0796918%
		occ 32 -> vir 320 : 0.0506979%
		occ 3 -> vir 321 : 0.189619%
		occ 10 -> vir 321 : 0.113231%
		occ 17 -> vir 321 : 0.151588%
		occ 32 -> vir 321 : 0.0853623%
		occ 33 -> vir 321 : 0.0833381%
		occ 3 -> vir 326 : 0.0670681%
		occ 17 -> vir 326 : 0.0540257%
		occ 3 -> vir 327 : 0.161953%
		occ 10 -> vir 327 : 0.0965562%
		occ 17 -> vir 327 : 0.129505%
		occ 32 -> vir 327 : 0.0717762%
		occ 33 -> vir 327 : 0.073734%
		occ 3 -> vir 328 : 0.102461%
		occ 10 -> vir 328 : 0.0613497%
		occ 17 -> vir 328 : 0.0826742%
	-- End Root 4, <X+Y|X-Y> = 1 --
	-- Root 5 --
		occ 3 -> vir 34 : 0.0583239%
		occ 10 -> vir 34 : 12.2965%
		occ 17 -> vir 34 : 0.189726%
		occ 32 -> vir 34 : 2.49122%
		occ 33 -> vir 34 : 2.62747%
		occ 10 -> vir 35 : 1.8172%
		occ 32 -> vir 35 : 0.367781%
		occ 33 -> vir 35 : 0.387778%
		occ 10 -> vir 36 : 3.74926%
		occ 17 -> vir 36 : 0.0576729%
		occ 32 -> vir 36 : 0.757107%
		occ 33 -> vir 36 : 0.797081%
		occ 3 -> vir 37 : 0.526627%
		occ 10 -> vir 37 : 0.430622%
		occ 17 -> vir 37 : 0.296644%
		occ 32 -> vir 37 : 0.285503%
		occ 33 -> vir 37 : 0.22885%
		occ 3 -> vir 38 : 0.534269%
		occ 10 -> vir 38 : 0.445227%
		occ 17 -> vir 38 : 0.313682%
		occ 32 -> vir 38 : 0.292392%
		occ 33 -> vir 38 : 0.238485%
		occ 10 -> vir 40 : 4.44117%
		occ 17 -> vir 40 : 0.0687204%
		occ 32 -> vir 40 : 0.900511%
		occ 33 -> vir 40 : 0.954511%
		occ 3 -> vir 43 : 0.0540934%
		occ 3 -> vir 44 : 0.15138%
		occ 10 -> vir 44 : 0.130215%
		occ 17 -> vir 44 : 0.101999%
		occ 32 -> vir 44 : 0.0851307%
		occ 33 -> vir 44 : 0.0713569%
		occ 3 -> vir 45 : 0.0582909%
		occ 10 -> vir 45 : 0.0680797%
		occ 17 -> vir 45 : 0.0786517%
		occ 3 -> vir 47 : 0.122746%
		occ 10 -> vir 47 : 0.0909219%
		occ 32 -> vir 47 : 0.0656973%
		occ 3 -> vir 48 : 0.283726%
		occ 10 -> vir 48 : 0.243888%
		occ 17 -> vir 48 : 0.164229%
		occ 32 -> vir 48 : 0.157041%
		occ 33 -> vir 48 : 0.134678%
		occ 3 -> vir 50 : 0.412801%
		occ 10 -> vir 50 : 0.423917%
		occ 17 -> vir 50 : 0.336421%
		occ 32 -> vir 50 : 0.245725%
		occ 33 -> vir 50 : 0.249454%
		occ 3 -> vir 52 : 0.092346%
		occ 10 -> vir 52 : 0.0773616%
		occ 17 -> vir 52 : 0.0543792%
		occ 3 -> vir 53 : 1.45482%
		occ 10 -> vir 53 : 1.29341%
		occ 17 -> vir 53 : 0.889684%
		occ 32 -> vir 53 : 0.81954%
		occ 33 -> vir 53 : 0.692215%
		occ 3 -> vir 55 : 0.613383%
		occ 10 -> vir 55 : 0.382688%
		occ 17 -> vir 55 : 0.182502%
		occ 32 -> vir 55 : 0.293755%
		occ 33 -> vir 55 : 0.17797%
		occ 17 -> vir 56 : 0.0520114%
		occ 3 -> vir 57 : 0.0540919%
		occ 10 -> vir 58 : 0.101321%
		occ 3 -> vir 59 : 1.20652%
		occ 10 -> vir 59 : 1.00817%
		occ 17 -> vir 59 : 0.669518%
		occ 32 -> vir 59 : 0.649613%
		occ 33 -> vir 59 : 0.533774%
		occ 3 -> vir 60 : 0.225208%
		occ 10 -> vir 60 : 0.108714%
		occ 32 -> vir 60 : 0.0987412%
		occ 10 -> vir 61 : 0.0523511%
		occ 17 -> vir 61 : 0.119899%
		occ 10 -> vir 62 : 0.998084%
		occ 32 -> vir 62 : 0.202884%
		occ 33 -> vir 62 : 0.206794%
		occ 10 -> vir 63 : 0.22451%
		occ 33 -> vir 63 : 0.0536537%
		occ 3 -> vir 66 : 0.214826%
		occ 10 -> vir 66 : 0.122864%
		occ 17 -> vir 66 : 0.0540283%
		occ 32 -> vir 66 : 0.0995015%
		occ 33 -> vir 66 : 0.0547185%
		occ 10 -> vir 67 : 0.0542082%
		occ 17 -> vir 68 : 0.058172%
		occ 3 -> vir 69 : 0.613677%
		occ 10 -> vir 69 : 0.697964%
		occ 17 -> vir 69 : 0.62259%
		occ 32 -> vir 69 : 0.38832%
		occ 33 -> vir 69 : 0.411843%
		occ 17 -> vir 70 : 0.0517842%
		occ 10 -> vir 71 : 0.0654265%
		occ 17 -> vir 71 : 0.175431%
		occ 33 -> vir 71 : 0.0586934%
		occ 3 -> vir 75 : 0.240094%
		occ 10 -> vir 75 : 0.155938%
		occ 17 -> vir 75 : 0.0673898%
		occ 32 -> vir 75 : 0.119537%
		occ 33 -> vir 75 : 0.0731244%
		occ 3 -> vir 77 : 0.269728%
		occ 10 -> vir 77 : 0.369%
		occ 17 -> vir 77 : 0.39583%
		occ 32 -> vir 77 : 0.191801%
		occ 33 -> vir 77 : 0.230931%
		occ 10 -> vir 78 : 0.0575544%
		occ 3 -> vir 79 : 0.0621076%
		occ 3 -> vir 82 : 0.188331%
		occ 10 -> vir 82 : 0.158783%
		occ 17 -> vir 82 : 0.111471%
		occ 32 -> vir 82 : 0.102516%
		occ 33 -> vir 82 : 0.0840993%
		occ 17 -> vir 83 : 0.0618185%
		occ 10 -> vir 88 : 0.0966579%
		occ 17 -> vir 88 : 0.174044%
		occ 33 -> vir 88 : 0.0777425%
		occ 3 -> vir 92 : 0.0584428%
		occ 10 -> vir 96 : 0.0821518%
		occ 17 -> vir 96 : 0.177061%
		occ 33 -> vir 96 : 0.0703528%
		occ 3 -> vir 101 : 0.081351%
		occ 10 -> vir 101 : 0.12419%
		occ 17 -> vir 101 : 0.138822%
		occ 32 -> vir 101 : 0.0576788%
		occ 33 -> vir 101 : 0.0847052%
		occ 3 -> vir 102 : 0.0548842%
		occ 10 -> vir 102 : 0.0540146%
		occ 17 -> vir 102 : 0.0651873%
		occ 3 -> vir 103 : 0.0526914%
		occ 3 -> vir 107 : 0.0773539%
		occ 10 -> vir 107 : 0.0938179%
		occ 17 -> vir 107 : 0.0876249%
		occ 33 -> vir 107 : 0.0617952%
		occ 10 -> vir 108 : 0.0586165%
		occ 17 -> vir 108 : 0.098179%
		occ 3 -> vir 112 : 0.0860574%
		occ 10 -> vir 112 : 0.0586403%
		occ 3 -> vir 114 : 0.144856%
		occ 10 -> vir 114 : 0.222008%
		occ 17 -> vir 114 : 0.263584%
		occ 32 -> vir 114 : 0.0994162%
		occ 33 -> vir 114 : 0.155307%
		occ 3 -> vir 120 : 0.195618%
		occ 10 -> vir 120 : 0.210019%
		occ 17 -> vir 120 : 0.198822%
		occ 32 -> vir 120 : 0.106717%
		occ 33 -> vir 120 : 0.141232%
		occ 3 -> vir 122 : 0.111338%
		occ 10 -> vir 122 : 0.199147%
		occ 17 -> vir 122 : 0.240994%
		occ 32 -> vir 122 : 0.0846655%
		occ 33 -> vir 122 : 0.133264%
		occ 3 -> vir 123 : 0.69944%
		occ 10 -> vir 123 : 0.688634%
		occ 17 -> vir 123 : 0.574741%
		occ 32 -> vir 123 : 0.385532%
		occ 33 -> vir 123 : 0.412158%
		occ 3 -> vir 126 : 0.0881336%
		occ 10 -> vir 126 : 0.0694095%
		occ 3 -> vir 129 : 0.314848%
		occ 10 -> vir 129 : 0.19739%
		occ 17 -> vir 129 : 0.0939478%
		occ 32 -> vir 129 : 0.14641%
		occ 33 -> vir 129 : 0.094132%
		occ 3 -> vir 130 : 0.158973%
		occ 10 -> vir 130 : 0.222389%
		occ 17 -> vir 130 : 0.273427%
		occ 32 -> vir 130 : 0.108835%
		occ 33 -> vir 130 : 0.147091%
		occ 3 -> vir 132 : 0.0832193%
		occ 10 -> vir 132 : 0.107772%
		occ 17 -> vir 132 : 0.128433%
		occ 32 -> vir 132 : 0.0550602%
		occ 33 -> vir 132 : 0.0723828%
		occ 3 -> vir 135 : 0.0765716%
		occ 10 -> vir 135 : 0.0720834%
		occ 17 -> vir 135 : 0.0676727%
		occ 3 -> vir 136 : 0.237227%
		occ 10 -> vir 136 : 0.238809%
		occ 17 -> vir 136 : 0.207039%
		occ 32 -> vir 136 : 0.137557%
		occ 33 -> vir 136 : 0.13951%
		occ 3 -> vir 139 : 0.069195%
		occ 10 -> vir 139 : 0.141814%
		occ 17 -> vir 139 : 0.203963%
		occ 32 -> vir 139 : 0.0618041%
		occ 33 -> vir 139 : 0.102787%
		occ 3 -> vir 140 : 0.188477%
		occ 10 -> vir 140 : 0.151211%
		occ 17 -> vir 140 : 0.121047%
		occ 32 -> vir 140 : 0.0922171%
		occ 33 -> vir 140 : 0.0887596%
		occ 3 -> vir 141 : 0.455435%
		occ 10 -> vir 141 : 0.368509%
		occ 17 -> vir 141 : 0.295426%
		occ 32 -> vir 141 : 0.231629%
		occ 33 -> vir 141 : 0.214154%
		occ 10 -> vir 142 : 0.110709%
		occ 17 -> vir 142 : 0.152263%
		occ 33 -> vir 142 : 0.0757785%
		occ 3 -> vir 145 : 0.0503114%
		occ 3 -> vir 146 : 0.173801%
		occ 10 -> vir 146 : 0.072963%
		occ 32 -> vir 146 : 0.0660353%
		occ 3 -> vir 148 : 0.114668%
		occ 3 -> vir 149 : 0.14512%
		occ 10 -> vir 149 : 0.140406%
		occ 17 -> vir 149 : 0.101002%
		occ 32 -> vir 149 : 0.0857657%
		occ 33 -> vir 149 : 0.0758527%
		occ 3 -> vir 150 : 0.119164%
		occ 10 -> vir 150 : 0.219282%
		occ 17 -> vir 150 : 0.285849%
		occ 32 -> vir 150 : 0.0993857%
		occ 33 -> vir 150 : 0.141265%
		occ 3 -> vir 153 : 0.0728126%
		occ 10 -> vir 153 : 0.200208%
		occ 17 -> vir 153 : 0.399624%
		occ 32 -> vir 153 : 0.0745582%
		occ 33 -> vir 153 : 0.168177%
		occ 3 -> vir 154 : 0.179194%
		occ 10 -> vir 154 : 0.253972%
		occ 17 -> vir 154 : 0.380789%
		occ 32 -> vir 154 : 0.12034%
		occ 33 -> vir 154 : 0.194333%
		occ 3 -> vir 155 : 0.1614%
		occ 10 -> vir 155 : 0.163614%
		occ 17 -> vir 155 : 0.110731%
		occ 32 -> vir 155 : 0.0961017%
		occ 33 -> vir 155 : 0.0839332%
		occ 17 -> vir 157 : 0.168099%
		occ 3 -> vir 159 : 0.163423%
		occ 10 -> vir 159 : 0.0831457%
		occ 32 -> vir 159 : 0.0688138%
		occ 10 -> vir 164 : 0.0598168%
		occ 17 -> vir 164 : 0.292583%
		occ 33 -> vir 164 : 0.0811108%
		occ 3 -> vir 165 : 0.264425%
		occ 10 -> vir 165 : 0.264167%
		occ 17 -> vir 165 : 0.238915%
		occ 32 -> vir 165 : 0.147704%
		occ 33 -> vir 165 : 0.164651%
		occ 17 -> vir 166 : 0.189355%
		occ 33 -> vir 166 : 0.0537356%
		occ 3 -> vir 169 : 0.141183%
		occ 10 -> vir 169 : 0.12521%
		occ 17 -> vir 169 : 0.121376%
		occ 32 -> vir 169 : 0.0801367%
		occ 33 -> vir 169 : 0.0806233%
		occ 3 -> vir 170 : 0.0806298%
		occ 3 -> vir 176 : 0.316966%
		occ 10 -> vir 176 : 0.195693%
		occ 17 -> vir 176 : 0.0819563%
		occ 32 -> vir 176 : 0.147829%
		occ 33 -> vir 176 : 0.090695%
		occ 3 -> vir 177 : 0.113748%
		occ 10 -> vir 177 : 0.0987375%
		occ 17 -> vir 177 : 0.0682078%
		occ 32 -> vir 177 : 0.0659346%
		occ 3 -> vir 179 : 0.060363%
		occ 3 -> vir 180 : 0.325279%
		occ 10 -> vir 180 : 0.252767%
		occ 17 -> vir 180 : 0.162227%
		occ 32 -> vir 180 : 0.173433%
		occ 33 -> vir 180 : 0.130172%
		occ 3 -> vir 181 : 1.11779%
		occ 10 -> vir 181 : 0.893541%
		occ 17 -> vir 181 : 0.586547%
		occ 32 -> vir 181 : 0.607431%
		occ 33 -> vir 181 : 0.449423%
		occ 3 -> vir 182 : 0.731594%
		occ 10 -> vir 182 : 0.616673%
		occ 17 -> vir 182 : 0.45439%
		occ 32 -> vir 182 : 0.407368%
		occ 33 -> vir 182 : 0.327192%
		occ 3 -> vir 186 : 0.254385%
		occ 10 -> vir 186 : 0.122549%
		occ 32 -> vir 186 : 0.115585%
		occ 3 -> vir 189 : 0.107041%
		occ 17 -> vir 190 : 0.108222%
		occ 3 -> vir 194 : 0.0606682%
		occ 3 -> vir 200 : 0.0737725%
		occ 10 -> vir 200 : 0.0510474%
		occ 3 -> vir 203 : 0.151648%
		occ 10 -> vir 203 : 0.0796044%
		occ 32 -> vir 203 : 0.0699862%
		occ 3 -> vir 208 : 0.0607249%
		occ 3 -> vir 210 : 0.0646883%
		occ 17 -> vir 212 : 0.0508742%
		occ 3 -> vir 222 : 0.0507547%
		occ 17 -> vir 247 : 0.0612156%
		occ 17 -> vir 248 : 0.0993995%
		occ 3 -> vir 282 : 0.0805853%
		occ 10 -> vir 282 : 0.0593706%
		occ 3 -> vir 285 : 0.0513069%
		occ 17 -> vir 299 : 0.050603%
	-- End Root 5, <X+Y|X-Y> = 1 --
== End NBO Decomposition Analysis ==
312
