W      : 
 0 -0 -0 -0
 0  0 -0 -0
 0  0  0 -0
 0  0  0  0
U      : 
1 0 0 0
0 1 0 0
0 0 1 0
0 0 0 1
O_{ab} : 
0.996077  0.78526 0.784632 0.689896
 0.78526 0.996329 0.733357  0.84939
0.784632 0.733357 0.996809 0.785641
0.689896  0.84939 0.785641 0.994429
O_{ab}': 
0.996077  0.78526 0.784632 0.689896
 0.78526 0.996329 0.733357  0.84939
0.784632 0.733357 0.996809 0.785641
0.689896  0.84939 0.785641 0.994429
W      : 
      0      -0      -0      -0
      0       0      -0      -0
      0       0       0 -1.5708
      0       0  1.5708       0
U      : 
 1  0  0  0
 0  1  0  0
 0  0  0 -1
 0  0  1  0
O_{ab} : 
0.996077  0.78526 0.784632 0.689896
 0.78526 0.996329 0.733357  0.84939
0.784632 0.733357 0.996809 0.785641
0.689896  0.84939 0.785641 0.994429
O_{ab}': 
0.996077  0.78526 0.689896 0.784632
 0.78526 0.996329  0.84939 0.733357
0.689896  0.84939 0.994429 0.785641
0.784632 0.733357 0.785641 0.996809
W      : 
      0      -0      -0      -0
      0       0      -0 -1.5708
      0       0       0      -0
      0  1.5708       0       0
U      : 
 1  0  0  0
 0  0  0 -1
 0  0  1  0
 0  1  0  0
O_{ab} : 
0.996077  0.78526 0.784632 0.689896
 0.78526 0.996329 0.733357  0.84939
0.784632 0.733357 0.996809 0.785641
0.689896  0.84939 0.785641 0.994429
O_{ab}': 
0.996077 0.689896 0.784632  0.78526
0.689896 0.994429 0.785641  0.84939
0.784632 0.785641 0.996809 0.733357
 0.78526  0.84939 0.733357 0.996329
W      : 
      0      -0      -0      -0
      0       0      -0 -1.5708
      0       0       0 -1.5708
      0  1.5708  1.5708       0
U      : 
       1        0        0        0
       0  0.19715 -0.80285 -0.56264
      -0 -0.80285  0.19715 -0.56264
       0  0.56264  0.56264  -0.6057
O_{ab} : 
0.996077  0.78526 0.784632 0.689896
 0.78526 0.996329 0.733357  0.84939
0.784632 0.733357 0.996809 0.785641
0.689896  0.84939 0.785641 0.994429
O_{ab}': 
0.996077 0.663158 0.711974 0.611514
0.663158 0.996152 0.499419  0.43032
0.711974 0.499419 0.995277 0.387221
0.611514  0.43032 0.387221 0.996137
W      : 
      0      -0      -0 -1.5708
      0       0      -0      -0
      0       0       0      -0
 1.5708       0       0       0
U      : 
 0  0  0 -1
 0  1  0  0
 0  0  1  0
 1  0  0  0
O_{ab} : 
0.996077  0.78526 0.784632 0.689896
 0.78526 0.996329 0.733357  0.84939
0.784632 0.733357 0.996809 0.785641
0.689896  0.84939 0.785641 0.994429
O_{ab}': 
0.994429  0.84939 0.785641 0.689896
 0.84939 0.996329 0.733357  0.78526
0.785641 0.733357 0.996809 0.784632
0.689896  0.78526 0.784632 0.996077
W      : 
      0      -0      -0 -1.5708
      0       0      -0      -0
      0       0       0 -1.5708
 1.5708       0  1.5708       0
U      : 
 0.19715        0 -0.80285 -0.56264
       0        1        0        0
-0.80285       -0  0.19715 -0.56264
 0.56264        0  0.56264  -0.6057
O_{ab} : 
0.996077  0.78526 0.784632 0.689896
 0.78526 0.996329 0.733357  0.84939
0.784632 0.733357 0.996809 0.785641
0.689896  0.84939 0.785641 0.994429
O_{ab}': 
0.996363 0.785528  0.65493 0.591723
0.785528 0.996329 0.843951 0.641866
 0.65493 0.843951  0.99592 0.635016
0.591723 0.641866 0.635016 0.995032
W      : 
      0      -0      -0 -1.5708
      0       0      -0 -1.5708
      0       0       0      -0
 1.5708  1.5708       0       0
U      : 
 0.19715 -0.80285        0 -0.56264
-0.80285  0.19715       -0 -0.56264
       0        0        1        0
 0.56264  0.56264        0  -0.6057
O_{ab} : 
0.996077  0.78526 0.784632 0.689896
 0.78526 0.996329 0.733357  0.84939
0.784632 0.733357 0.996809 0.785641
0.689896  0.84939 0.785641 0.994429
O_{ab}': 
0.995249 0.675295  0.48783 0.491292
0.675295  0.99568 0.814642  0.64267
 0.48783 0.814642 0.996809  0.84319
0.491292  0.64267  0.84319 0.995905
W      : 
      0      -0      -0 -1.5708
      0       0      -0 -1.5708
      0       0       0 -1.5708
 1.5708  1.5708  1.5708       0
U      : 
 0.362425 -0.637575 -0.637575 -0.235892
-0.637575  0.362425 -0.637575 -0.235892
-0.637575 -0.637575  0.362425 -0.235892
 0.235892  0.235892  0.235892 -0.912724
O_{ab} : 
0.996077  0.78526 0.784632 0.689896
 0.78526 0.996329 0.733357  0.84939
0.784632 0.733357 0.996809 0.785641
0.689896  0.84939 0.785641 0.994429
O_{ab}': 
 0.99672 0.616903 0.545305  0.79163
0.616903 0.995541 0.520208 0.652131
0.545305 0.520208 0.996518  0.61712
 0.79163 0.652131  0.61712 0.994864
W      : 
      0      -0      -0      -0
      0       0 -1.5708      -0
      0  1.5708       0      -0
      0       0       0       0
U      : 
 1  0  0  0
 0  0 -1  0
 0  1  0  0
 0  0  0  1
O_{ab} : 
0.996077  0.78526 0.784632 0.689896
 0.78526 0.996329 0.733357  0.84939
0.784632 0.733357 0.996809 0.785641
0.689896  0.84939 0.785641 0.994429
O_{ab}': 
0.996077 0.784632  0.78526 0.689896
0.784632 0.996809 0.733357 0.785641
 0.78526 0.733357 0.996329  0.84939
0.689896 0.785641  0.84939 0.994429
W      : 
      0      -0      -0      -0
      0       0 -1.5708      -0
      0  1.5708       0 -1.5708
      0       0  1.5708       0
U      : 
       1        0        0        0
       0  0.19715 -0.56264  0.80285
       0  0.56264  -0.6057 -0.56264
       0  0.80285  0.56264  0.19715
O_{ab} : 
0.996077  0.78526 0.784632 0.689896
 0.78526 0.996329 0.733357  0.84939
0.784632 0.733357 0.996809 0.785641
0.689896  0.84939 0.785641 0.994429
O_{ab}': 
0.996077 0.691083 0.618386 0.768374
0.691083 0.995092 0.421185 0.849394
0.618386 0.421185 0.996232 0.425451
0.768374 0.849394 0.425451 0.996243
W      : 
      0      -0      -0      -0
      0       0 -1.5708 -1.5708
      0  1.5708       0      -0
      0  1.5708       0       0
U      : 
       1        0        0        0
      -0  -0.6057 -0.56264 -0.56264
       0  0.56264  0.19715 -0.80285
       0  0.56264 -0.80285  0.19715
O_{ab} : 
0.996077  0.78526 0.784632 0.689896
 0.78526 0.996329 0.733357  0.84939
0.784632 0.733357 0.996809 0.785641
0.689896  0.84939 0.785641 0.994429
O_{ab}': 
0.996077 0.760437 0.622168 0.785147
0.760437 0.995526 0.599914 0.740359
0.622168 0.599914 0.995591  0.72316
0.785147 0.740359  0.72316 0.996449
W      : 
      0      -0      -0      -0
      0       0 -1.5708 -1.5708
      0  1.5708       0 -1.5708
      0  1.5708  1.5708       0
U      : 
        1         0         0         0
       -0 -0.275149 -0.873466  0.401683
       -0 -0.401683 -0.275149 -0.873466
        0  0.873466 -0.401683 -0.275149
O_{ab} : 
0.996077  0.78526 0.784632 0.689896
 0.78526 0.996329 0.733357  0.84939
0.784632 0.733357 0.996809 0.785641
0.689896  0.84939 0.785641 0.994429
O_{ab}': 
0.996077 0.690662 0.657746 0.737636
0.690662 0.996503 0.451805 0.564804
0.657746 0.451805 0.994552 0.750303
0.737636 0.564804 0.750303 0.996512
W      : 
      0      -0      -0 -1.5708
      0       0 -1.5708      -0
      0  1.5708       0      -0
 1.5708       0       0       0
U      : 
 0  0  0 -1
 0  0 -1  0
 0  1  0  0
 1  0  0  0
O_{ab} : 
0.996077  0.78526 0.784632 0.689896
 0.78526 0.996329 0.733357  0.84939
0.784632 0.733357 0.996809 0.785641
0.689896  0.84939 0.785641 0.994429
O_{ab}': 
0.994429 0.785641  0.84939 0.689896
0.785641 0.996809 0.733357 0.784632
 0.84939 0.733357 0.996329  0.78526
0.689896 0.784632  0.78526 0.996077
W      : 
      0      -0      -0 -1.5708
      0       0 -1.5708      -0
      0  1.5708       0 -1.5708
 1.5708       0  1.5708       0
U      : 
 0.180455 -0.441161 -0.621616 -0.621616
 0.441161  0.180455 -0.621616  0.621616
-0.621616  0.621616 -0.441161 -0.180455
 0.621616  0.621616  0.180455 -0.441161
O_{ab} : 
0.996077  0.78526 0.784632 0.689896
 0.78526 0.996329 0.733357  0.84939
0.784632 0.733357 0.996809 0.785641
0.689896  0.84939 0.785641 0.994429
O_{ab}': 
0.995726 0.643629 0.834481 0.685445
0.643629 0.996197 0.581789 0.782579
0.834481 0.581789 0.995797  0.70353
0.685445 0.782579  0.70353 0.995923
W      : 
      0      -0      -0 -1.5708
      0       0 -1.5708 -1.5708
      0  1.5708       0      -0
 1.5708  1.5708       0       0
U      : 
 0.180455 -0.621616  0.441161 -0.621616
-0.621616 -0.441161 -0.621616 -0.180455
-0.441161  0.621616  0.180455 -0.621616
 0.621616  0.180455 -0.621616 -0.441161
O_{ab} : 
0.996077  0.78526 0.784632 0.689896
 0.78526 0.996329 0.733357  0.84939
0.784632 0.733357 0.996809 0.785641
0.689896  0.84939 0.785641 0.994429
O_{ab}': 
 0.99511  0.72098 0.495288 0.567362
 0.72098 0.995452 0.568143  0.49168
0.495288 0.568143 0.996131 0.646219
0.567362  0.49168 0.646219  0.99695
W      : 
      0      -0      -0 -1.5708
      0       0 -1.5708 -1.5708
      0  1.5708       0 -1.5708
 1.5708  1.5708  1.5708       0
U      : 
 0.331899 -0.874559 -0.096269  -0.34018
-0.096269 -0.153515 -0.825594  0.534379
-0.874559 -0.145234 -0.153515 -0.436449
  0.34018  0.436449 -0.534379 -0.638928
O_{ab} : 
0.996077  0.78526 0.784632 0.689896
 0.78526 0.996329 0.733357  0.84939
0.784632 0.733357 0.996809 0.785641
0.689896  0.84939 0.785641 0.994429
O_{ab}': 
0.995845 0.600886 0.675529 0.394439
0.600886 0.996028 0.693739 0.356895
0.675529 0.693739 0.995435 0.567097
0.394439 0.356895 0.567097 0.996337
W      : 
      0      -0 -1.5708      -0
      0       0      -0      -0
 1.5708       0       0      -0
      0       0       0       0
U      : 
 0  0 -1  0
 0  1  0  0
 1  0  0  0
 0  0  0  1
O_{ab} : 
0.996077  0.78526 0.784632 0.689896
 0.78526 0.996329 0.733357  0.84939
0.784632 0.733357 0.996809 0.785641
0.689896  0.84939 0.785641 0.994429
O_{ab}': 
0.996809 0.733357 0.784632 0.785641
0.733357 0.996329  0.78526  0.84939
0.784632  0.78526 0.996077 0.689896
0.785641  0.84939 0.689896 0.994429
W      : 
      0      -0 -1.5708      -0
      0       0      -0      -0
 1.5708       0       0 -1.5708
      0       0  1.5708       0
U      : 
 0.19715        0 -0.56264  0.80285
       0        1        0        0
 0.56264        0  -0.6057 -0.56264
 0.80285        0  0.56264  0.19715
O_{ab} : 
0.996077  0.78526 0.784632 0.689896
 0.78526 0.996329 0.733357  0.84939
0.784632 0.733357 0.996809 0.785641
0.689896  0.84939 0.785641 0.994429
O_{ab}': 
0.995482 0.773926 0.496575 0.592609
0.773926 0.996329 0.837804 0.584143
0.496575 0.837804 0.996548 0.521248
0.592609 0.584143 0.521248 0.995285
W      : 
      0      -0 -1.5708      -0
      0       0      -0 -1.5708
 1.5708       0       0      -0
      0  1.5708       0       0
U      : 
 0  0 -1  0
 0  0  0 -1
 1  0  0  0
 0  1  0  0
O_{ab} : 
0.996077  0.78526 0.784632 0.689896
 0.78526 0.996329 0.733357  0.84939
0.784632 0.733357 0.996809 0.785641
0.689896  0.84939 0.785641 0.994429
O_{ab}': 
0.996809 0.785641 0.784632 0.733357
0.785641 0.994429 0.689896  0.84939
0.784632 0.689896 0.996077  0.78526
0.733357  0.84939  0.78526 0.996329
W      : 
      0      -0 -1.5708      -0
      0       0      -0 -1.5708
 1.5708       0       0 -1.5708
      0  1.5708  1.5708       0
U      : 
 0.180455  0.441161 -0.621616  0.621616
-0.441161  0.180455 -0.621616 -0.621616
 0.621616 -0.621616 -0.441161 -0.180455
 0.621616  0.621616  0.180455 -0.441161
O_{ab} : 
0.996077  0.78526 0.784632 0.689896
 0.78526 0.996329 0.733357  0.84939
0.784632 0.733357 0.996809 0.785641
0.689896  0.84939 0.785641 0.994429
O_{ab}': 
0.995726 0.612854  0.68173 0.809364
0.612854 0.995265 0.436758 0.763243
 0.68173 0.436758 0.996729 0.540492
0.809364 0.763243 0.540492 0.995923
W      : 
      0      -0 -1.5708 -1.5708
      0       0      -0      -0
 1.5708       0       0      -0
 1.5708       0       0       0
U      : 
 -0.6057       -0 -0.56264 -0.56264
       0        1        0        0
 0.56264        0  0.19715 -0.80285
 0.56264        0 -0.80285  0.19715
O_{ab} : 
0.996077  0.78526 0.784632 0.689896
 0.78526 0.996329 0.733357  0.84939
0.784632 0.733357 0.996809 0.785641
0.689896  0.84939 0.785641 0.994429
O_{ab}': 
0.995063 0.625404 0.607836   0.5582
0.625404 0.996329 0.753115 0.884093
0.607836 0.753115 0.994808 0.687792
  0.5582 0.884093 0.687792 0.997444
W      : 
      0      -0 -1.5708 -1.5708
      0       0      -0      -0
 1.5708       0       0 -1.5708
 1.5708       0  1.5708       0
U      : 
-0.275149        -0 -0.873466  0.401683
        0         1         0         0
-0.401683        -0 -0.275149 -0.873466
 0.873466         0 -0.401683 -0.275149
O_{ab} : 
0.996077  0.78526 0.784632 0.689896
 0.78526 0.996329 0.733357  0.84939
0.784632 0.733357 0.996809 0.785641
0.689896  0.84939 0.785641 0.994429
O_{ab}': 
0.995859 0.645005 0.696201  0.60217
0.645005 0.996329 0.783533 0.881214
0.696201 0.783533  0.99464 0.680257
 0.60217 0.881214 0.680257 0.996815
W      : 
      0      -0 -1.5708 -1.5708
      0       0      -0 -1.5708
 1.5708       0       0      -0
 1.5708  1.5708       0       0
U      : 
-0.441161 -0.621616 -0.621616 -0.180455
-0.621616  0.180455  0.441161 -0.621616
 0.621616 -0.441161  0.180455 -0.621616
 0.180455  0.621616 -0.621616 -0.441161
O_{ab} : 
0.996077  0.78526 0.784632 0.689896
 0.78526 0.996329 0.733357  0.84939
0.784632 0.733357 0.996809 0.785641
0.689896  0.84939 0.785641 0.994429
O_{ab}': 
0.995705 0.759069 0.721075 0.510237
0.759069  0.99629 0.561737 0.443839
0.721075 0.561737  0.99499 0.420227
0.510237 0.443839 0.420227 0.996659
W      : 
      0      -0 -1.5708 -1.5708
      0       0      -0 -1.5708
 1.5708       0       0 -1.5708
 1.5708  1.5708  1.5708       0
U      : 
-0.153515 -0.096269 -0.825594  0.534379
-0.874559  0.331899 -0.096269  -0.34018
-0.145234 -0.874559 -0.153515 -0.436449
 0.436449   0.34018 -0.534379 -0.638928
O_{ab} : 
0.996077  0.78526 0.784632 0.689896
 0.78526 0.996329 0.733357  0.84939
0.784632 0.733357 0.996809 0.785641
0.689896  0.84939 0.785641 0.994429
O_{ab}': 
0.995892  0.78442 0.536852 0.381466
 0.78442 0.995859 0.686555 0.530999
0.536852 0.686555 0.995529 0.543757
0.381466 0.530999 0.543757 0.996363
W      : 
      0      -0 -1.5708      -0
      0       0 -1.5708      -0
 1.5708  1.5708       0      -0
      0       0       0       0
U      : 
 0.19715 -0.80285 -0.56264        0
-0.80285  0.19715 -0.56264       -0
 0.56264  0.56264  -0.6057        0
       0        0        0        1
O_{ab} : 
0.996077  0.78526 0.784632 0.689896
 0.78526 0.996329 0.733357  0.84939
0.784632 0.733357 0.996809 0.785641
0.689896  0.84939 0.785641 0.994429
O_{ab}': 
0.996707 0.600144 0.447807 0.746646
0.600144 0.995359 0.417846 0.674407
0.447807 0.417846 0.997149 0.732108
0.746646 0.674407 0.732108 0.994429
W      : 
      0      -0 -1.5708      -0
      0       0 -1.5708      -0
 1.5708  1.5708       0 -1.5708
      0       0  1.5708       0
U      : 
 0.362425 -0.637575 -0.235892  0.637575
-0.637575  0.362425 -0.235892  0.637575
 0.235892  0.235892 -0.912724 -0.235892
 0.637575  0.637575  0.235892  0.362425
O_{ab} : 
0.996077  0.78526 0.784632 0.689896
 0.78526 0.996329 0.733357  0.84939
0.784632 0.733357 0.996809 0.785641
0.689896  0.84939 0.785641 0.994429
O_{ab}': 
0.996153 0.558092 0.734012   0.3952
0.558092 0.994922  0.59443 0.617161
0.734012  0.59443 0.997124 0.637927
  0.3952 0.617161 0.637927 0.995444
W      : 
      0      -0 -1.5708      -0
      0       0 -1.5708 -1.5708
 1.5708  1.5708       0      -0
      0  1.5708       0       0
U      : 
 0.180455 -0.621616 -0.621616  0.441161
-0.621616 -0.441161 -0.180455 -0.621616
 0.621616  0.180455 -0.441161 -0.621616
-0.441161  0.621616 -0.621616  0.180455
O_{ab} : 
0.996077  0.78526 0.784632 0.689896
 0.78526 0.996329 0.733357  0.84939
0.784632 0.733357 0.996809 0.785641
0.689896  0.84939 0.785641 0.994429
O_{ab}': 
0.996659 0.420228 0.443839 0.510237
0.420228  0.99499 0.561737 0.721075
0.443839 0.561737  0.99629 0.759069
0.510237 0.721075 0.759069 0.995705
W      : 
      0      -0 -1.5708      -0
      0       0 -1.5708 -1.5708
 1.5708  1.5708       0 -1.5708
      0  1.5708  1.5708       0
U      : 
 0.331899 -0.096269  -0.34018  0.874559
-0.874559 -0.153515 -0.436449  0.145234
  0.34018 -0.534379 -0.638928 -0.436449
 0.096269  0.825594 -0.534379 -0.153515
O_{ab} : 
0.996077  0.78526 0.784632 0.689896
 0.78526 0.996329 0.733357  0.84939
0.784632 0.733357 0.996809 0.785641
0.689896  0.84939 0.785641 0.994429
O_{ab}': 
0.995231 0.587164 0.741361 0.566558
0.587164   0.9954 0.599481 0.618267
0.741361 0.599481 0.996353 0.707052
0.566558 0.618267 0.707052 0.996659
W      : 
      0      -0 -1.5708 -1.5708
      0       0 -1.5708      -0
 1.5708  1.5708       0      -0
 1.5708       0       0       0
U      : 
-0.441161 -0.621616 -0.180455 -0.621616
-0.621616  0.180455 -0.621616  0.441161
 0.180455  0.621616 -0.441161 -0.621616
 0.621616 -0.441161 -0.621616  0.180455
O_{ab} : 
0.996077  0.78526 0.784632 0.689896
 0.78526 0.996329 0.733357  0.84939
0.784632 0.733357 0.996809 0.785641
0.689896  0.84939 0.785641 0.994429
O_{ab}': 
0.994991 0.594359 0.486619 0.468466
0.594359 0.995144 0.405992 0.523249
0.486619 0.405992  0.99625  0.51917
0.468466 0.523249  0.51917 0.997258
W      : 
      0      -0 -1.5708 -1.5708
      0       0 -1.5708      -0
 1.5708  1.5708       0 -1.5708
 1.5708       0  1.5708       0
U      : 
-0.153515 -0.874559 -0.436449  0.145234
-0.096269  0.331899  -0.34018  0.874559
-0.534379   0.34018 -0.638928 -0.436449
 0.825594  0.096269 -0.534379 -0.153515
O_{ab} : 
0.996077  0.78526 0.784632 0.689896
 0.78526 0.996329 0.733357  0.84939
0.784632 0.733357 0.996809 0.785641
0.689896  0.84939 0.785641 0.994429
O_{ab}': 
0.996364 0.803984 0.630051 0.778716
0.803984 0.994558 0.555802 0.599439
0.630051 0.555802  0.99552 0.651296
0.778716 0.599439 0.651296 0.997202
W      : 
      0      -0 -1.5708 -1.5708
      0       0 -1.5708 -1.5708
 1.5708  1.5708       0      -0
 1.5708  1.5708       0       0
U      : 
-1.17564e-16           -1 -1.11604e-16 -1.67405e-16
          -1   3.0881e-17 -1.23524e-16 -1.85286e-16
 2.35127e-16  1.46955e-16            0           -1
 2.35127e-16  1.46955e-16           -1   6.1762e-17
O_{ab} : 
0.996077  0.78526 0.784632 0.689896
 0.78526 0.996329 0.733357  0.84939
0.784632 0.733357 0.996809 0.785641
0.689896  0.84939 0.785641 0.994429
O_{ab}': 
0.996329  0.78526  0.84939 0.733357
 0.78526 0.996077 0.689896 0.784632
 0.84939 0.689896 0.994429 0.785641
0.733357 0.784632 0.785641 0.996809
W      : 
      0      -0 -1.5708 -1.5708
      0       0 -1.5708 -1.5708
 1.5708  1.5708       0 -1.5708
 1.5708  1.5708  1.5708       0
U      : 
 0.227187 -0.772813 -0.224348  0.548465
-0.772813  0.227187 -0.224348  0.548465
-0.548465 -0.548465 -0.159219 -0.610754
 0.224348  0.224348 -0.934872 -0.159219
O_{ab} : 
0.996077  0.78526 0.784632 0.689896
 0.78526 0.996329 0.733357  0.84939
0.784632 0.733357 0.996809 0.785641
0.689896  0.84939 0.785641 0.994429
O_{ab}': 
0.996316 0.636542  0.46826 0.801832
0.636542 0.995133 0.617259 0.669849
 0.46826 0.617259 0.995023 0.633004
0.801832 0.669849 0.633004  0.99717
W      : 
      0 -1.5708      -0      -0
 1.5708       0      -0      -0
      0       0       0      -0
      0       0       0       0
U      : 
 0 -1  0  0
 1  0  0  0
 0  0  1  0
 0  0  0  1
O_{ab} : 
0.996077  0.78526 0.784632 0.689896
 0.78526 0.996329 0.733357  0.84939
0.784632 0.733357 0.996809 0.785641
0.689896  0.84939 0.785641 0.994429
O_{ab}': 
0.996329  0.78526 0.733357  0.84939
 0.78526 0.996077 0.784632 0.689896
0.733357 0.784632 0.996809 0.785641
 0.84939 0.689896 0.785641 0.994429
W      : 
      0 -1.5708      -0      -0
 1.5708       0      -0      -0
      0       0       0 -1.5708
      0       0  1.5708       0
U      : 
 0 -1  0  0
 1  0  0  0
 0  0  0 -1
 0  0  1  0
O_{ab} : 
0.996077  0.78526 0.784632 0.689896
 0.78526 0.996329 0.733357  0.84939
0.784632 0.733357 0.996809 0.785641
0.689896  0.84939 0.785641 0.994429
O_{ab}': 
0.996329  0.78526  0.84939 0.733357
 0.78526 0.996077 0.689896 0.784632
 0.84939 0.689896 0.994429 0.785641
0.733357 0.784632 0.785641 0.996809
W      : 
      0 -1.5708      -0      -0
 1.5708       0      -0 -1.5708
      0       0       0      -0
      0  1.5708       0       0
U      : 
 0.19715 -0.56264        0  0.80285
 0.56264  -0.6057        0 -0.56264
       0        0        1        0
 0.80285  0.56264        0  0.19715
O_{ab} : 
0.996077  0.78526 0.784632 0.689896
 0.78526 0.996329 0.733357  0.84939
0.784632 0.733357 0.996809 0.785641
0.689896  0.84939 0.785641 0.994429
O_{ab}': 
0.995563 0.515599 0.886928 0.534951
0.515599 0.995294 0.592272 0.550309
0.886928 0.592272 0.996809 0.659063
0.534951 0.550309 0.659063 0.995977
W      : 
      0 -1.5708      -0      -0
 1.5708       0      -0 -1.5708
      0       0       0 -1.5708
      0  1.5708  1.5708       0
U      : 
 0.180455 -0.621616  0.441161  0.621616
 0.621616 -0.441161 -0.621616 -0.180455
-0.441161 -0.621616  0.180455 -0.621616
 0.621616  0.180455  0.621616 -0.441161
O_{ab} : 
0.996077  0.78526 0.784632 0.689896
 0.78526 0.996329 0.733357  0.84939
0.784632 0.733357 0.996809 0.785641
0.689896  0.84939 0.785641 0.994429
O_{ab}': 
0.995912 0.669144 0.521737 0.587756
0.669144 0.997093 0.611664 0.572561
0.521737 0.611664 0.995329 0.560151
0.587756 0.572561 0.560151 0.995309
W      : 
      0 -1.5708      -0 -1.5708
 1.5708       0      -0      -0
      0       0       0      -0
 1.5708       0       0       0
U      : 
 -0.6057 -0.56264       -0 -0.56264
 0.56264  0.19715        0 -0.80285
       0        0        1        0
 0.56264 -0.80285        0  0.19715
O_{ab} : 
0.996077  0.78526 0.784632 0.689896
 0.78526 0.996329 0.733357  0.84939
0.784632 0.733357 0.996809 0.785641
0.689896  0.84939 0.785641 0.994429
O_{ab}': 
0.995306 0.568411  0.61437 0.555502
0.568411 0.995189  0.79056 0.696339
 0.61437  0.79056 0.996809 0.785826
0.555502 0.696339 0.785826 0.996339
W      : 
      0 -1.5708      -0 -1.5708
 1.5708       0      -0      -0
      0       0       0 -1.5708
 1.5708       0  1.5708       0
U      : 
-0.441161 -0.621616 -0.621616 -0.180455
 0.621616  0.180455 -0.441161 -0.621616
-0.621616  0.441161  0.180455 -0.621616
 0.180455 -0.621616  0.621616 -0.441161
O_{ab} : 
0.996077  0.78526 0.784632 0.689896
 0.78526 0.996329 0.733357  0.84939
0.784632 0.733357 0.996809 0.785641
0.689896  0.84939 0.785641 0.994429
O_{ab}': 
0.995705 0.559056 0.719575 0.794831
0.559056  0.99629 0.530736 0.742191
0.719575 0.530736 0.996036 0.570044
0.794831 0.742191 0.570044 0.995614
W      : 
      0 -1.5708      -0 -1.5708
 1.5708       0      -0 -1.5708
      0       0       0      -0
 1.5708  1.5708       0       0
U      : 
-0.275149 -0.873466        -0  0.401683
-0.401683 -0.275149        -0 -0.873466
        0         0         1         0
 0.873466 -0.401683         0 -0.275149
O_{ab} : 
0.996077  0.78526 0.784632 0.689896
 0.78526 0.996329 0.733357  0.84939
0.784632 0.733357 0.996809 0.785641
0.689896  0.84939 0.785641 0.994429
O_{ab}': 
0.996367 0.707104 0.859811 0.620236
0.707104 0.994589 0.650219 0.617389
0.859811 0.650219 0.996809 0.706817
0.620236 0.617389 0.706817 0.995878
W      : 
      0 -1.5708      -0 -1.5708
 1.5708       0      -0 -1.5708
      0       0       0 -1.5708
 1.5708  1.5708  1.5708       0
U      : 
-0.153515 -0.825594 -0.096269  0.534379
-0.145234 -0.153515 -0.874559 -0.436449
-0.874559 -0.096269  0.331899  -0.34018
 0.436449 -0.534379   0.34018 -0.638928
O_{ab} : 
0.996077  0.78526 0.784632 0.689896
 0.78526 0.996329 0.733357  0.84939
0.784632 0.733357 0.996809 0.785641
0.689896  0.84939 0.785641 0.994429
O_{ab}': 
0.996211  0.76749 0.814828 0.508656
 0.76749  0.99599 0.710864 0.629843
0.814828 0.710864 0.996552 0.611311
0.508656 0.629843 0.611311 0.994891
W      : 
      0 -1.5708      -0      -0
 1.5708       0 -1.5708      -0
      0  1.5708       0      -0
      0       0       0       0
U      : 
 0.19715 -0.56264  0.80285        0
 0.56264  -0.6057 -0.56264        0
 0.80285  0.56264  0.19715        0
       0        0        0        1
O_{ab} : 
0.996077  0.78526 0.784632 0.689896
 0.78526 0.996329 0.733357  0.84939
0.784632 0.733357 0.996809 0.785641
0.689896  0.84939 0.785641 0.994429
O_{ab}': 
0.996292 0.450705  0.80816 0.777843
0.450705 0.997073 0.393502 0.717456
 0.80816 0.393502 0.995849 0.706023
0.777843 0.717456 0.706023 0.994429
W      : 
      0 -1.5708      -0      -0
 1.5708       0 -1.5708      -0
      0  1.5708       0 -1.5708
      0       0  1.5708       0
U      : 
 0.180455 -0.621616  0.621616 -0.441161
 0.621616 -0.441161 -0.180455  0.621616
 0.621616  0.180455 -0.441161 -0.621616
 0.441161  0.621616  0.621616  0.180455
O_{ab} : 
0.996077  0.78526 0.784632 0.689896
 0.78526 0.996329 0.733357  0.84939
0.784632 0.733357 0.996809 0.785641
0.689896  0.84939 0.785641 0.994429
O_{ab}': 
0.995614 0.570044 0.742191 0.794831
0.570044 0.996036 0.530736 0.719575
0.742191 0.530736  0.99629 0.559056
0.794831 0.719575 0.559056 0.995705
W      : 
      0 -1.5708      -0      -0
 1.5708       0 -1.5708 -1.5708
      0  1.5708       0      -0
      0  1.5708       0       0
U      : 
 0.362425 -0.235892  0.637575  0.637575
 0.235892 -0.912724 -0.235892 -0.235892
 0.637575  0.235892  0.362425 -0.637575
 0.637575  0.235892 -0.637575  0.362425
O_{ab} : 
0.996077  0.78526 0.784632 0.689896
 0.78526 0.996329 0.733357  0.84939
0.784632 0.733357 0.996809 0.785641
0.689896  0.84939 0.785641 0.994429
O_{ab}': 
0.995384  0.44189 0.716023 0.601177
 0.44189  0.99613 0.627784 0.754861
0.716023 0.627784 0.995182 0.667904
0.601177 0.754861 0.667904 0.996947
W      : 
      0 -1.5708      -0      -0
 1.5708       0 -1.5708 -1.5708
      0  1.5708       0 -1.5708
      0  1.5708  1.5708       0
U      : 
 0.331899  -0.34018  0.874559  0.096269
  0.34018 -0.638928 -0.436449  0.534379
 0.096269 -0.534379 -0.153515 -0.825594
 0.874559  0.436449 -0.145234 -0.153515
O_{ab} : 
0.996077  0.78526 0.784632 0.689896
 0.78526 0.996329 0.733357  0.84939
0.784632 0.733357 0.996809 0.785641
0.689896  0.84939 0.785641 0.994429
O_{ab}': 
0.996068 0.477272 0.587828 0.761751
0.477272 0.996518 0.482191 0.486715
0.587828 0.482191 0.994617 0.672903
0.761751 0.486715 0.672903 0.996441
W      : 
      0 -1.5708      -0 -1.5708
 1.5708       0 -1.5708      -0
      0  1.5708       0      -0
 1.5708       0       0       0
U      : 
-0.441161 -0.180455  0.621616 -0.621616
 0.180455 -0.441161 -0.621616 -0.621616
 0.621616  0.621616  0.180455 -0.441161
 0.621616 -0.621616  0.441161  0.180455
O_{ab} : 
0.996077  0.78526 0.784632 0.689896
 0.78526 0.996329 0.733357  0.84939
0.784632 0.733357 0.996809 0.785641
0.689896  0.84939 0.785641 0.994429
O_{ab}': 
0.996197 0.643629 0.782579 0.581789
0.643629 0.995726 0.685445 0.834481
0.782579 0.685445 0.995923  0.70353
0.581789 0.834481  0.70353 0.995797
W      : 
      0 -1.5708      -0 -1.5708
 1.5708       0 -1.5708      -0
      0  1.5708       0 -1.5708
 1.5708       0  1.5708       0
U      : 
     -0.6057     -0.56264           -0     -0.56264
     0.56264      -0.6057     -0.56264            0
          -0      0.56264      -0.6057     -0.56264
     0.56264 -3.81765e-17      0.56264      -0.6057
O_{ab} : 
0.996077  0.78526 0.784632 0.689896
 0.78526 0.996329 0.733357  0.84939
0.784632 0.733357 0.996809 0.785641
0.689896  0.84939 0.785641 0.994429
O_{ab}': 
0.995306  0.48329 0.557521 0.561624
 0.48329 0.997073 0.387645 0.643718
0.557521 0.387645 0.996232 0.490223
0.561624 0.643718 0.490223 0.995032
W      : 
      0 -1.5708      -0 -1.5708
 1.5708       0 -1.5708 -1.5708
      0  1.5708       0      -0
 1.5708  1.5708       0       0
U      : 
-0.153515 -0.436449  0.874559  0.145234
-0.534379 -0.638928  -0.34018 -0.436449
 0.096269   0.34018  0.331899 -0.874559
 0.825594 -0.534379 -0.096269 -0.153515
O_{ab} : 
0.996077  0.78526 0.784632 0.689896
 0.78526 0.996329 0.733357  0.84939
0.784632 0.733357 0.996809 0.785641
0.689896  0.84939 0.785641 0.994429
O_{ab}': 
0.997001 0.660493 0.690784 0.514337
0.660493 0.995275 0.513914 0.585635
0.690784 0.513914 0.995167 0.667908
0.514337 0.585635 0.667908   0.9962
W      : 
      0 -1.5708      -0 -1.5708
 1.5708       0 -1.5708 -1.5708
      0  1.5708       0 -1.5708
 1.5708  1.5708  1.5708       0
U      : 
   -0.333333    -0.666667     0.666667 -1.30616e-16
 7.80947e-17    -0.666667    -0.666667     0.333333
   -0.666667  2.28133e-17    -0.333333    -0.666667
    0.666667    -0.333333  3.62637e-17    -0.666667
O_{ab} : 
0.996077  0.78526 0.784632 0.689896
 0.78526 0.996329 0.733357  0.84939
0.784632 0.733357 0.996809 0.785641
0.689896  0.84939 0.785641 0.994429
O_{ab}': 
0.996986 0.382339  0.67274 0.609277
0.382339 0.996562 0.638592 0.631174
 0.67274 0.638592 0.994954 0.580796
0.609277 0.631174 0.580796 0.995142
W      : 
      0 -1.5708 -1.5708      -0
 1.5708       0      -0      -0
 1.5708       0       0      -0
      0       0       0       0
U      : 
 -0.6057 -0.56264 -0.56264       -0
 0.56264  0.19715 -0.80285        0
 0.56264 -0.80285  0.19715        0
       0        0        0        1
O_{ab} : 
0.996077  0.78526 0.784632 0.689896
 0.78526 0.996329 0.733357  0.84939
0.784632 0.733357 0.996809 0.785641
0.689896  0.84939 0.785641 0.994429
O_{ab}': 
0.995665 0.659062 0.667846 0.742337
0.659062 0.997518 0.725417 0.791592
0.667846 0.725417 0.996032 0.787409
0.742337 0.791592 0.787409 0.994429
W      : 
      0 -1.5708 -1.5708      -0
 1.5708       0      -0      -0
 1.5708       0       0 -1.5708
      0       0  1.5708       0
U      : 
-0.441161 -0.621616 -0.180455  0.621616
 0.621616  0.180455 -0.621616  0.441161
 0.180455 -0.621616 -0.441161 -0.621616
 0.621616 -0.441161  0.621616  0.180455
O_{ab} : 
0.996077  0.78526 0.784632 0.689896
 0.78526 0.996329 0.733357  0.84939
0.784632 0.733357 0.996809 0.785641
0.689896  0.84939 0.785641 0.994429
O_{ab}': 
0.995793 0.795623 0.565861  0.67313
0.795623 0.996785  0.67901 0.502718
0.565861  0.67901 0.995448 0.692583
 0.67313 0.502718 0.692583 0.995617
W      : 
      0 -1.5708 -1.5708      -0
 1.5708       0      -0 -1.5708
 1.5708       0       0      -0
      0  1.5708       0       0
U      : 
-0.441161 -0.180455 -0.621616  0.621616
 0.180455 -0.441161 -0.621616 -0.621616
 0.621616 -0.621616  0.180455  0.441161
 0.621616  0.621616 -0.441161  0.180455
O_{ab} : 
0.996077  0.78526 0.784632 0.689896
 0.78526 0.996329 0.733357  0.84939
0.784632 0.733357 0.996809 0.785641
0.689896  0.84939 0.785641 0.994429
O_{ab}': 
0.995265 0.612854 0.763243 0.436758
0.612854 0.995726 0.809364  0.68173
0.763243 0.809364 0.995923 0.540492
0.436758  0.68173 0.540492 0.996729
W      : 
      0 -1.5708 -1.5708      -0
 1.5708       0      -0 -1.5708
 1.5708       0       0 -1.5708
      0  1.5708  1.5708       0
U      : 
 -1.4362e-19 -1.17564e-16           -0            1
 1.17557e-16            0           -1 -1.46955e-16
 1.17708e-16           -1  1.19156e-16 -1.46955e-16
           1  1.23524e-16  2.45828e-16   3.0881e-17
O_{ab} : 
0.996077  0.78526 0.784632 0.689896
 0.78526 0.996329 0.733357  0.84939
0.784632 0.733357 0.996809 0.785641
0.689896  0.84939 0.785641 0.994429
O_{ab}': 
0.994429 0.785641  0.84939 0.689896
0.785641 0.996809 0.733357 0.784632
 0.84939 0.733357 0.996329  0.78526
0.689896 0.784632  0.78526 0.996077
W      : 
      0 -1.5708 -1.5708 -1.5708
 1.5708       0      -0      -0
 1.5708       0       0      -0
 1.5708       0       0       0
U      : 
-0.912724 -0.235892 -0.235892 -0.235892
 0.235892  0.362425 -0.637575 -0.637575
 0.235892 -0.637575  0.362425 -0.637575
 0.235892 -0.637575 -0.637575  0.362425
O_{ab} : 
0.996077  0.78526 0.784632 0.689896
 0.78526 0.996329 0.733357  0.84939
0.784632 0.733357 0.996809 0.785641
0.689896  0.84939 0.785641 0.994429
O_{ab}': 
0.995525 0.578169 0.702667 0.447412
0.578169 0.996297 0.452117 0.249004
0.702667 0.452117 0.995002 0.498399
0.447412 0.249004 0.498399  0.99682
W      : 
      0 -1.5708 -1.5708 -1.5708
 1.5708       0      -0      -0
 1.5708       0       0 -1.5708
 1.5708       0  1.5708       0
U      : 
-0.638928  -0.34018 -0.436449  0.534379
  0.34018  0.331899 -0.874559 -0.096269
-0.534379 -0.096269 -0.153515 -0.825594
 0.436449 -0.874559 -0.145234 -0.153515
O_{ab} : 
0.996077  0.78526 0.784632 0.689896
 0.78526 0.996329 0.733357  0.84939
0.784632 0.733357 0.996809 0.785641
0.689896  0.84939 0.785641 0.994429
O_{ab}': 
0.995371 0.760848 0.671732 0.607791
0.760848 0.997314 0.707362 0.561264
0.671732 0.707362 0.994717 0.648698
0.607791 0.561264 0.648698 0.996241
W      : 
      0 -1.5708 -1.5708 -1.5708
 1.5708       0      -0 -1.5708
 1.5708       0       0      -0
 1.5708  1.5708       0       0
U      : 
-0.638928 -0.436449  -0.34018  0.534379
-0.534379 -0.153515 -0.096269 -0.825594
  0.34018 -0.874559  0.331899 -0.096269
 0.436449 -0.145234 -0.874559 -0.153515
O_{ab} : 
0.996077  0.78526 0.784632 0.689896
 0.78526 0.996329 0.733357  0.84939
0.784632 0.733357 0.996809 0.785641
0.689896  0.84939 0.785641 0.994429
O_{ab}': 
0.995519 0.664397  0.72863 0.810833
0.664397 0.994726  0.71829 0.693189
 0.72863  0.71829 0.996008 0.829796
0.810833 0.693189 0.829796 0.997391
W      : 
      0 -1.5708 -1.5708 -1.5708
 1.5708       0      -0 -1.5708
 1.5708       0       0 -1.5708
 1.5708  1.5708  1.5708       0
U      : 
-0.159219 -0.224348 -0.224348  0.934872
-0.548465  0.227187 -0.772813 -0.224348
-0.548465 -0.772813  0.227187 -0.224348
 0.610754 -0.548465 -0.548465 -0.159219
O_{ab} : 
0.996077  0.78526 0.784632 0.689896
 0.78526 0.996329 0.733357  0.84939
0.784632 0.733357 0.996809 0.785641
0.689896  0.84939 0.785641 0.994429
O_{ab}': 
0.994828 0.647164 0.578134 0.774811
0.647164 0.995597 0.535952 0.426376
0.578134 0.535952 0.996267 0.463566
0.774811 0.426376 0.463566 0.996952
W      : 
      0 -1.5708 -1.5708      -0
 1.5708       0 -1.5708      -0
 1.5708  1.5708       0      -0
      0       0       0       0
U      : 
-0.275149 -0.873466  0.401683        -0
-0.401683 -0.275149 -0.873466        -0
 0.873466 -0.401683 -0.275149         0
        0         0         0         1
O_{ab} : 
0.996077  0.78526 0.784632 0.689896
 0.78526 0.996329 0.733357  0.84939
0.784632 0.733357 0.996809 0.785641
0.689896  0.84939 0.785641 0.994429
O_{ab}': 
0.996622 0.469875 0.597144 0.746138
0.469875 0.995909 0.663213 0.735516
0.597144 0.663213 0.996683 0.743524
0.746138 0.735516 0.743524 0.994429
W      : 
      0 -1.5708 -1.5708      -0
 1.5708       0 -1.5708      -0
 1.5708  1.5708       0 -1.5708
      0       0  1.5708       0
U      : 
-0.153515 -0.825594  0.534379  0.096269
-0.145234 -0.153515 -0.436449  0.874559
 0.436449 -0.534379 -0.638928  -0.34018
 0.874559  0.096269   0.34018  0.331899
O_{ab} : 
0.996077  0.78526 0.784632 0.689896
 0.78526 0.996329 0.733357  0.84939
0.784632 0.733357 0.996809 0.785641
0.689896  0.84939 0.785641 0.994429
O_{ab}': 
0.996699 0.567136  0.64074 0.668915
0.567136 0.994967 0.770988 0.628703
 0.64074 0.770988 0.996661 0.607505
0.668915 0.628703 0.607505 0.995317
W      : 
      0 -1.5708 -1.5708      -0
 1.5708       0 -1.5708 -1.5708
 1.5708  1.5708       0      -0
      0  1.5708       0       0
U      : 
-0.153515 -0.436449  0.145234  0.874559
-0.534379 -0.638928 -0.436449  -0.34018
 0.825594 -0.534379 -0.153515 -0.096269
 0.096269   0.34018 -0.874559  0.331899
O_{ab} : 
0.996077  0.78526 0.784632 0.689896
 0.78526 0.996329 0.733357  0.84939
0.784632 0.733357 0.996809 0.785641
0.689896  0.84939 0.785641 0.994429
O_{ab}': 
0.995323 0.585193 0.606104 0.852544
0.585193 0.995408 0.619669 0.776549
0.606104 0.619669 0.996366  0.70131
0.852544 0.776549  0.70131 0.996546
W      : 
      0 -1.5708 -1.5708      -0
 1.5708       0 -1.5708 -1.5708
 1.5708  1.5708       0 -1.5708
      0  1.5708  1.5708       0
U      : 
 0.227187 -0.224348  0.548465  0.772813
-0.548465 -0.159219 -0.610754  0.548465
 0.224348 -0.934872 -0.159219 -0.224348
 0.772813  0.224348 -0.548465  0.227187
O_{ab} : 
0.996077  0.78526 0.784632 0.689896
 0.78526 0.996329 0.733357  0.84939
0.784632 0.733357 0.996809 0.785641
0.689896  0.84939 0.785641 0.994429
O_{ab}': 
0.995241 0.618255 0.529133 0.694529
0.618255  0.99524 0.609136 0.556886
0.529133 0.609136 0.996091  0.78053
0.694529 0.556886  0.78053 0.997072
W      : 
      0 -1.5708 -1.5708 -1.5708
 1.5708       0 -1.5708      -0
 1.5708  1.5708       0      -0
 1.5708       0       0       0
U      : 
-0.638928 -0.436449  0.534379  -0.34018
-0.534379 -0.153515 -0.825594 -0.096269
 0.436449 -0.145234 -0.153515 -0.874559
  0.34018 -0.874559 -0.096269  0.331899
O_{ab} : 
0.996077  0.78526 0.784632 0.689896
 0.78526 0.996329 0.733357  0.84939
0.784632 0.733357 0.996809 0.785641
0.689896  0.84939 0.785641 0.994429
O_{ab}': 
0.996714 0.497586 0.635834 0.712931
0.497586 0.995614 0.590819 0.589081
0.635834 0.590819  0.99485 0.727433
0.712931 0.589081 0.727433 0.996465
W      : 
      0 -1.5708 -1.5708 -1.5708
 1.5708       0 -1.5708      -0
 1.5708  1.5708       0 -1.5708
 1.5708       0  1.5708       0
U      : 
   -0.666667    -0.666667     0.333333 -1.49275e-16
 1.58801e-17    -0.333333    -0.666667     0.666667
   -0.333333           -0    -0.666667    -0.666667
    0.666667    -0.666667 -4.83517e-17    -0.333333
O_{ab} : 
0.996077  0.78526 0.784632 0.689896
 0.78526 0.996329 0.733357  0.84939
0.784632 0.733357 0.996809 0.785641
0.689896  0.84939 0.785641 0.994429
O_{ab}': 
0.996742 0.362107 0.717506  0.38992
0.362107 0.995928 0.451486 0.612573
0.717506 0.451486 0.995198 0.509428
 0.38992 0.612573 0.509428 0.995775
W      : 
      0 -1.5708 -1.5708 -1.5708
 1.5708       0 -1.5708 -1.5708
 1.5708  1.5708       0      -0
 1.5708  1.5708       0       0
U      : 
-0.159219 -0.610754  0.548465  0.548465
-0.934872 -0.159219 -0.224348 -0.224348
 0.224348 -0.548465  0.227187 -0.772813
 0.224348 -0.548465 -0.772813  0.227187
O_{ab} : 
0.996077  0.78526 0.784632 0.689896
 0.78526 0.996329 0.733357  0.84939
0.784632 0.733357 0.996809 0.785641
0.689896  0.84939 0.785641 0.994429
O_{ab}': 
0.996428 0.565113 0.348374 0.356916
0.565113 0.995555 0.658664 0.567009
0.348374 0.658664 0.994658 0.545967
0.356916 0.567009 0.545967 0.997002
W      : 
      0 -1.5708 -1.5708 -1.5708
 1.5708       0 -1.5708 -1.5708
 1.5708  1.5708       0 -1.5708
 1.5708  1.5708  1.5708       0
U      : 
-6.63766e-17     -0.56264       0.6057      0.56264
    -0.56264 -8.87254e-17     -0.56264       0.6057
     -0.6057     -0.56264 -8.98113e-17     -0.56264
     0.56264      -0.6057     -0.56264 -1.06712e-16
O_{ab} : 
0.996077  0.78526 0.784632 0.689896
 0.78526 0.996329 0.733357  0.84939
0.784632 0.733357 0.996809 0.785641
0.689896  0.84939 0.785641 0.994429
O_{ab}': 
0.996232 0.490223 0.557521 0.387645
0.490223 0.995032 0.561624 0.643718
0.557521 0.561624 0.995306  0.48329
0.387645 0.643718  0.48329 0.997073
