W      : 
 0.000000  0.000000  0.000000  0.000000  0.000000  0.000000 
U      : 
 0.000000  0.000000  0.000000  0.000000  0.000000  0.000000 
O_{ab} : 
 0.785260  0.784632  0.733357  0.689896  0.849390  0.785641 
O_{ab}': 
 0.785260  0.784632  0.733357  0.689896  0.849390  0.785641 
W      : 
 0.000000  0.000000  0.000000  0.000000  0.000000  1.570796 
U      : 
 0.000000  0.000000  0.000000  0.000000  0.000000  1.000000 
O_{ab} : 
 0.785260  0.784632  0.733357  0.689896  0.849390  0.785641 
O_{ab}': 
 0.785260  0.689896  0.849390  0.784632  0.733357  0.785641 
W      : 
 0.000000  0.000000  0.000000  0.000000  1.570796  0.000000 
U      : 
 0.000000  0.000000  0.000000  0.000000  1.000000  0.000000 
O_{ab} : 
 0.785260  0.784632  0.733357  0.689896  0.849390  0.785641 
O_{ab}': 
 0.689896  0.784632  0.785641  0.785260  0.849390  0.733357 
W      : 
 0.000000  0.000000  0.000000  0.000000  1.570796  1.570796 
U      : 
 0.000000 -0.000000 -0.802850  0.000000  0.562640  0.562640 
O_{ab} : 
 0.785260  0.784632  0.733357  0.689896  0.849390  0.785641 
O_{ab}': 
 0.663158  0.711974  0.499419  0.611514  0.430320  0.387221 
W      : 
 0.000000  0.000000  0.000000  1.570796  0.000000  0.000000 
U      : 
 0.000000  0.000000  0.000000  1.000000  0.000000  0.000000 
O_{ab} : 
 0.785260  0.784632  0.733357  0.689896  0.849390  0.785641 
O_{ab}': 
 0.849390  0.785641  0.733357  0.689896  0.785260  0.784632 
W      : 
 0.000000  0.000000  0.000000  1.570796  0.000000  1.570796 
U      : 
 0.000000 -0.802850 -0.000000  0.562640  0.000000  0.562640 
O_{ab} : 
 0.785260  0.784632  0.733357  0.689896  0.849390  0.785641 
O_{ab}': 
 0.785528  0.654930  0.843951  0.591723  0.641866  0.635016 
W      : 
 0.000000  0.000000  0.000000  1.570796  1.570796  0.000000 
U      : 
-0.802850  0.000000  0.000000  0.562640  0.562640  0.000000 
O_{ab} : 
 0.785260  0.784632  0.733357  0.689896  0.849390  0.785641 
O_{ab}': 
 0.675295  0.487830  0.814642  0.491292  0.642670  0.843190 
W      : 
 0.000000  0.000000  0.000000  1.570796  1.570796  1.570796 
U      : 
-0.637575 -0.637575 -0.637575  0.235892  0.235892  0.235892 
O_{ab} : 
 0.785260  0.784632  0.733357  0.689896  0.849390  0.785641 
O_{ab}': 
 0.616903  0.545305  0.520208  0.791630  0.652131  0.617120 
W      : 
 0.000000  0.000000  1.570796  0.000000  0.000000  0.000000 
U      : 
 0.000000  0.000000  1.000000  0.000000  0.000000  0.000000 
O_{ab} : 
 0.785260  0.784632  0.733357  0.689896  0.849390  0.785641 
O_{ab}': 
 0.784632  0.785260  0.733357  0.689896  0.785641  0.849390 
W      : 
 0.000000  0.000000  1.570796  0.000000  0.000000  1.570796 
U      : 
 0.000000  0.000000  0.562640  0.000000  0.802850  0.562640 
O_{ab} : 
 0.785260  0.784632  0.733357  0.689896  0.849390  0.785641 
O_{ab}': 
 0.691083  0.618386  0.421185  0.768374  0.849394  0.425451 
W      : 
 0.000000  0.000000  1.570796  0.000000  1.570796  0.000000 
U      : 
-0.000000  0.000000  0.562640  0.000000  0.562640 -0.802850 
O_{ab} : 
 0.785260  0.784632  0.733357  0.689896  0.849390  0.785641 
O_{ab}': 
 0.760437  0.622168  0.599914  0.785147  0.740359  0.723160 
W      : 
 0.000000  0.000000  1.570796  0.000000  1.570796  1.570796 
U      : 
-0.000000 -0.000000 -0.401683  0.000000  0.873466 -0.401683 
O_{ab} : 
 0.785260  0.784632  0.733357  0.689896  0.849390  0.785641 
O_{ab}': 
 0.690662  0.657746  0.451805  0.737636  0.564804  0.750303 
W      : 
 0.000000  0.000000  1.570796  1.570796  0.000000  0.000000 
U      : 
 0.000000  0.000000  1.000000  1.000000  0.000000  0.000000 
O_{ab} : 
 0.785260  0.784632  0.733357  0.689896  0.849390  0.785641 
O_{ab}': 
 0.785641  0.849390  0.733357  0.689896  0.784632  0.785260 
W      : 
 0.000000  0.000000  1.570796  1.570796  0.000000  1.570796 
U      : 
 0.441161 -0.621616  0.621616  0.621616  0.621616  0.180455 
O_{ab} : 
 0.785260  0.784632  0.733357  0.689896  0.849390  0.785641 
O_{ab}': 
 0.643629  0.834481  0.581789  0.685445  0.782579  0.703530 
W      : 
 0.000000  0.000000  1.570796  1.570796  1.570796  0.000000 
U      : 
-0.621616 -0.441161  0.621616  0.621616  0.180455 -0.621616 
O_{ab} : 
 0.785260  0.784632  0.733357  0.689896  0.849390  0.785641 
O_{ab}': 
 0.720980  0.495288  0.568143  0.567362  0.491680  0.646219 
W      : 
 0.000000  0.000000  1.570796  1.570796  1.570796  1.570796 
U      : 
-0.096269 -0.874559 -0.145234  0.340180  0.436449 -0.534379 
O_{ab} : 
 0.785260  0.784632  0.733357  0.689896  0.849390  0.785641 
O_{ab}': 
 0.600886  0.675529  0.693739  0.394439  0.356895  0.567097 
W      : 
 0.000000  1.570796  0.000000  0.000000  0.000000  0.000000 
U      : 
 0.000000  1.000000  0.000000  0.000000  0.000000  0.000000 
O_{ab} : 
 0.785260  0.784632  0.733357  0.689896  0.849390  0.785641 
O_{ab}': 
 0.733357  0.784632  0.785260  0.785641  0.849390  0.689896 
W      : 
 0.000000  1.570796  0.000000  0.000000  0.000000  1.570796 
U      : 
 0.000000  0.562640  0.000000  0.802850  0.000000  0.562640 
O_{ab} : 
 0.785260  0.784632  0.733357  0.689896  0.849390  0.785641 
O_{ab}': 
 0.773926  0.496575  0.837804  0.592609  0.584143  0.521248 
W      : 
 0.000000  1.570796  0.000000  0.000000  1.570796  0.000000 
U      : 
 0.000000  1.000000  0.000000  0.000000  1.000000  0.000000 
O_{ab} : 
 0.785260  0.784632  0.733357  0.689896  0.849390  0.785641 
O_{ab}': 
 0.785641  0.784632  0.689896  0.733357  0.849390  0.785260 
W      : 
 0.000000  1.570796  0.000000  0.000000  1.570796  1.570796 
U      : 
-0.441161  0.621616 -0.621616  0.621616  0.621616  0.180455 
O_{ab} : 
 0.785260  0.784632  0.733357  0.689896  0.849390  0.785641 
O_{ab}': 
 0.612854  0.681730  0.436758  0.809364  0.763243  0.540492 
W      : 
 0.000000  1.570796  0.000000  1.570796  0.000000  0.000000 
U      : 
 0.000000  0.562640  0.000000  0.562640  0.000000 -0.802850 
O_{ab} : 
 0.785260  0.784632  0.733357  0.689896  0.849390  0.785641 
O_{ab}': 
 0.625404  0.607836  0.753115  0.558200  0.884093  0.687792 
W      : 
 0.000000  1.570796  0.000000  1.570796  0.000000  1.570796 
U      : 
 0.000000 -0.401683 -0.000000  0.873466  0.000000 -0.401683 
O_{ab} : 
 0.785260  0.784632  0.733357  0.689896  0.849390  0.785641 
O_{ab}': 
 0.645005  0.696201  0.783533  0.602170  0.881214  0.680257 
W      : 
 0.000000  1.570796  0.000000  1.570796  1.570796  0.000000 
U      : 
-0.621616  0.621616 -0.441161  0.180455  0.621616 -0.621616 
O_{ab} : 
 0.785260  0.784632  0.733357  0.689896  0.849390  0.785641 
O_{ab}': 
 0.759069  0.721075  0.561737  0.510237  0.443839  0.420227 
W      : 
 0.000000  1.570796  0.000000  1.570796  1.570796  1.570796 
U      : 
-0.874559 -0.145234 -0.874559  0.436449  0.340180 -0.534379 
O_{ab} : 
 0.785260  0.784632  0.733357  0.689896  0.849390  0.785641 
O_{ab}': 
 0.784420  0.536852  0.686555  0.381466  0.530999  0.543757 
W      : 
 0.000000  1.570796  1.570796  0.000000  0.000000  0.000000 
U      : 
-0.802850  0.562640  0.562640  0.000000  0.000000  0.000000 
O_{ab} : 
 0.785260  0.784632  0.733357  0.689896  0.849390  0.785641 
O_{ab}': 
 0.600144  0.447807  0.417846  0.746646  0.674407  0.732108 
W      : 
 0.000000  1.570796  1.570796  0.000000  0.000000  1.570796 
U      : 
-0.637575  0.235892  0.235892  0.637575  0.637575  0.235892 
O_{ab} : 
 0.785260  0.784632  0.733357  0.689896  0.849390  0.785641 
O_{ab}': 
 0.558092  0.734012  0.594430  0.395200  0.617161  0.637927 
W      : 
 0.000000  1.570796  1.570796  0.000000  1.570796  0.000000 
U      : 
-0.621616  0.621616  0.180455 -0.441161  0.621616 -0.621616 
O_{ab} : 
 0.785260  0.784632  0.733357  0.689896  0.849390  0.785641 
O_{ab}': 
 0.420228  0.443839  0.561737  0.510237  0.721075  0.759069 
W      : 
 0.000000  1.570796  1.570796  0.000000  1.570796  1.570796 
U      : 
-0.874559  0.340180 -0.534379  0.096269  0.825594 -0.534379 
O_{ab} : 
 0.785260  0.784632  0.733357  0.689896  0.849390  0.785641 
O_{ab}': 
 0.587164  0.741361  0.599481  0.566558  0.618267  0.707052 
W      : 
 0.000000  1.570796  1.570796  1.570796  0.000000  0.000000 
U      : 
-0.621616  0.180455  0.621616  0.621616 -0.441161 -0.621616 
O_{ab} : 
 0.785260  0.784632  0.733357  0.689896  0.849390  0.785641 
O_{ab}': 
 0.594359  0.486619  0.405992  0.468466  0.523249  0.519170 
W      : 
 0.000000  1.570796  1.570796  1.570796  0.000000  1.570796 
U      : 
-0.096269 -0.534379  0.340180  0.825594  0.096269 -0.534379 
O_{ab} : 
 0.785260  0.784632  0.733357  0.689896  0.849390  0.785641 
O_{ab}': 
 0.803984  0.630051  0.555802  0.778716  0.599439  0.651296 
W      : 
 0.000000  1.570796  1.570796  1.570796  1.570796  0.000000 
U      : 
-1.000000  0.000000  0.000000  0.000000  0.000000 -1.000000 
O_{ab} : 
 0.785260  0.784632  0.733357  0.689896  0.849390  0.785641 
O_{ab}': 
 0.785260  0.849390  0.689896  0.733357  0.784632  0.785641 
W      : 
 0.000000  1.570796  1.570796  1.570796  1.570796  1.570796 
U      : 
-0.772813 -0.548465 -0.548465  0.224348  0.224348 -0.934872 
O_{ab} : 
 0.785260  0.784632  0.733357  0.689896  0.849390  0.785641 
O_{ab}': 
 0.636542  0.468260  0.617259  0.801832  0.669849  0.633004 
W      : 
 1.570796  0.000000  0.000000  0.000000  0.000000  0.000000 
U      : 
 1.000000  0.000000  0.000000  0.000000  0.000000  0.000000 
O_{ab} : 
 0.785260  0.784632  0.733357  0.689896  0.849390  0.785641 
O_{ab}': 
 0.785260  0.733357  0.784632  0.849390  0.689896  0.785641 
W      : 
 1.570796  0.000000  0.000000  0.000000  0.000000  1.570796 
U      : 
 1.000000  0.000000  0.000000  0.000000  0.000000  1.000000 
O_{ab} : 
 0.785260  0.784632  0.733357  0.689896  0.849390  0.785641 
O_{ab}': 
 0.785260  0.849390  0.689896  0.733357  0.784632  0.785641 
W      : 
 1.570796  0.000000  0.000000  0.000000  1.570796  0.000000 
U      : 
 0.562640  0.000000  0.000000  0.802850  0.562640  0.000000 
O_{ab} : 
 0.785260  0.784632  0.733357  0.689896  0.849390  0.785641 
O_{ab}': 
 0.515599  0.886928  0.592272  0.534951  0.550309  0.659063 
W      : 
 1.570796  0.000000  0.000000  0.000000  1.570796  1.570796 
U      : 
 0.621616 -0.441161 -0.621616  0.621616  0.180455  0.621616 
O_{ab} : 
 0.785260  0.784632  0.733357  0.689896  0.849390  0.785641 
O_{ab}': 
 0.669144  0.521737  0.611664  0.587756  0.572561  0.560151 
W      : 
 1.570796  0.000000  0.000000  1.570796  0.000000  0.000000 
U      : 
 0.562640  0.000000  0.000000  0.562640 -0.802850  0.000000 
O_{ab} : 
 0.785260  0.784632  0.733357  0.689896  0.849390  0.785641 
O_{ab}': 
 0.568411  0.614370  0.790560  0.555502  0.696339  0.785826 
W      : 
 1.570796  0.000000  0.000000  1.570796  0.000000  1.570796 
U      : 
 0.621616 -0.621616  0.441161  0.180455 -0.621616  0.621616 
O_{ab} : 
 0.785260  0.784632  0.733357  0.689896  0.849390  0.785641 
O_{ab}': 
 0.559056  0.719575  0.530736  0.794831  0.742191  0.570044 
W      : 
 1.570796  0.000000  0.000000  1.570796  1.570796  0.000000 
U      : 
-0.401683  0.000000  0.000000  0.873466 -0.401683  0.000000 
O_{ab} : 
 0.785260  0.784632  0.733357  0.689896  0.849390  0.785641 
O_{ab}': 
 0.707104  0.859811  0.650219  0.620236  0.617389  0.706817 
W      : 
 1.570796  0.000000  0.000000  1.570796  1.570796  1.570796 
U      : 
-0.145234 -0.874559 -0.096269  0.436449 -0.534379  0.340180 
O_{ab} : 
 0.785260  0.784632  0.733357  0.689896  0.849390  0.785641 
O_{ab}': 
 0.767490  0.814828  0.710864  0.508656  0.629843  0.611311 
W      : 
 1.570796  0.000000  1.570796  0.000000  0.000000  0.000000 
U      : 
 0.562640  0.802850  0.562640  0.000000  0.000000  0.000000 
O_{ab} : 
 0.785260  0.784632  0.733357  0.689896  0.849390  0.785641 
O_{ab}': 
 0.450705  0.808160  0.393502  0.777843  0.717456  0.706023 
W      : 
 1.570796  0.000000  1.570796  0.000000  0.000000  1.570796 
U      : 
 0.621616  0.621616  0.180455  0.441161  0.621616  0.621616 
O_{ab} : 
 0.785260  0.784632  0.733357  0.689896  0.849390  0.785641 
O_{ab}': 
 0.570044  0.742191  0.530736  0.794831  0.719575  0.559056 
W      : 
 1.570796  0.000000  1.570796  0.000000  1.570796  0.000000 
U      : 
 0.235892  0.637575  0.235892  0.637575  0.235892 -0.637575 
O_{ab} : 
 0.785260  0.784632  0.733357  0.689896  0.849390  0.785641 
O_{ab}': 
 0.441890  0.716023  0.627784  0.601177  0.754861  0.667904 
W      : 
 1.570796  0.000000  1.570796  0.000000  1.570796  1.570796 
U      : 
 0.340180  0.096269 -0.534379  0.874559  0.436449 -0.145234 
O_{ab} : 
 0.785260  0.784632  0.733357  0.689896  0.849390  0.785641 
O_{ab}': 
 0.477272  0.587828  0.482191  0.761751  0.486715  0.672903 
W      : 
 1.570796  0.000000  1.570796  1.570796  0.000000  0.000000 
U      : 
 0.180455  0.621616  0.621616  0.621616 -0.621616  0.441161 
O_{ab} : 
 0.785260  0.784632  0.733357  0.689896  0.849390  0.785641 
O_{ab}': 
 0.643629  0.782579  0.685445  0.581789  0.834481  0.703530 
W      : 
 1.570796  0.000000  1.570796  1.570796  0.000000  1.570796 
U      : 
 0.562640 -0.000000  0.562640  0.562640 -0.000000  0.562640 
O_{ab} : 
 0.785260  0.784632  0.733357  0.689896  0.849390  0.785641 
O_{ab}': 
 0.483290  0.557521  0.387645  0.561624  0.643718  0.490223 
W      : 
 1.570796  0.000000  1.570796  1.570796  1.570796  0.000000 
U      : 
-0.534379  0.096269  0.340180  0.825594 -0.534379 -0.096269 
O_{ab} : 
 0.785260  0.784632  0.733357  0.689896  0.849390  0.785641 
O_{ab}': 
 0.660493  0.690784  0.513914  0.514337  0.585635  0.667908 
W      : 
 1.570796  0.000000  1.570796  1.570796  1.570796  1.570796 
U      : 
 0.000000 -0.666667  0.000000  0.666667 -0.333333  0.000000 
O_{ab} : 
 0.785260  0.784632  0.733357  0.689896  0.849390  0.785641 
O_{ab}': 
 0.382339  0.672740  0.638592  0.609277  0.631174  0.580796 
W      : 
 1.570796  1.570796  0.000000  0.000000  0.000000  0.000000 
U      : 
 0.562640  0.562640 -0.802850  0.000000  0.000000  0.000000 
O_{ab} : 
 0.785260  0.784632  0.733357  0.689896  0.849390  0.785641 
O_{ab}': 
 0.659062  0.667846  0.725417  0.742337  0.791592  0.787409 
W      : 
 1.570796  1.570796  0.000000  0.000000  0.000000  1.570796 
U      : 
 0.621616  0.180455 -0.621616  0.621616 -0.441161  0.621616 
O_{ab} : 
 0.785260  0.784632  0.733357  0.689896  0.849390  0.785641 
O_{ab}': 
 0.795623  0.565861  0.679010  0.673130  0.502718  0.692583 
W      : 
 1.570796  1.570796  0.000000  0.000000  1.570796  0.000000 
U      : 
 0.180455  0.621616 -0.621616  0.621616  0.621616 -0.441161 
O_{ab} : 
 0.785260  0.784632  0.733357  0.689896  0.849390  0.785641 
O_{ab}': 
 0.612854  0.763243  0.809364  0.436758  0.681730  0.540492 
W      : 
 1.570796  1.570796  0.000000  0.000000  1.570796  1.570796 
U      : 
 0.000000  0.000000 -1.000000  1.000000  0.000000  0.000000 
O_{ab} : 
 0.785260  0.784632  0.733357  0.689896  0.849390  0.785641 
O_{ab}': 
 0.785641  0.849390  0.733357  0.689896  0.784632  0.785260 
W      : 
 1.570796  1.570796  0.000000  1.570796  0.000000  0.000000 
U      : 
 0.235892  0.235892 -0.637575  0.235892 -0.637575 -0.637575 
O_{ab} : 
 0.785260  0.784632  0.733357  0.689896  0.849390  0.785641 
O_{ab}': 
 0.578169  0.702667  0.452117  0.447412  0.249004  0.498399 
W      : 
 1.570796  1.570796  0.000000  1.570796  0.000000  1.570796 
U      : 
 0.340180 -0.534379 -0.096269  0.436449 -0.874559 -0.145234 
O_{ab} : 
 0.785260  0.784632  0.733357  0.689896  0.849390  0.785641 
O_{ab}': 
 0.760848  0.671732  0.707362  0.607791  0.561264  0.648698 
W      : 
 1.570796  1.570796  0.000000  1.570796  1.570796  0.000000 
U      : 
-0.534379  0.340180 -0.874559  0.436449 -0.145234 -0.874559 
O_{ab} : 
 0.785260  0.784632  0.733357  0.689896  0.849390  0.785641 
O_{ab}': 
 0.664397  0.728630  0.718290  0.810833  0.693189  0.829796 
W      : 
 1.570796  1.570796  0.000000  1.570796  1.570796  1.570796 
U      : 
-0.548465 -0.548465 -0.772813  0.610754 -0.548465 -0.548465 
O_{ab} : 
 0.785260  0.784632  0.733357  0.689896  0.849390  0.785641 
O_{ab}': 
 0.647164  0.578134  0.535952  0.774811  0.426376  0.463566 
W      : 
 1.570796  1.570796  1.570796  0.000000  0.000000  0.000000 
U      : 
-0.401683  0.873466 -0.401683  0.000000  0.000000  0.000000 
O_{ab} : 
 0.785260  0.784632  0.733357  0.689896  0.849390  0.785641 
O_{ab}': 
 0.469875  0.597144  0.663213  0.746138  0.735516  0.743524 
W      : 
 1.570796  1.570796  1.570796  0.000000  0.000000  1.570796 
U      : 
-0.145234  0.436449 -0.534379  0.874559  0.096269  0.340180 
O_{ab} : 
 0.785260  0.784632  0.733357  0.689896  0.849390  0.785641 
O_{ab}': 
 0.567136  0.640740  0.770988  0.668915  0.628703  0.607505 
W      : 
 1.570796  1.570796  1.570796  0.000000  1.570796  0.000000 
U      : 
-0.534379  0.825594 -0.534379  0.096269  0.340180 -0.874559 
O_{ab} : 
 0.785260  0.784632  0.733357  0.689896  0.849390  0.785641 
O_{ab}': 
 0.585193  0.606104  0.619669  0.852544  0.776549  0.701310 
W      : 
 1.570796  1.570796  1.570796  0.000000  1.570796  1.570796 
U      : 
-0.548465  0.224348 -0.934872  0.772813  0.224348 -0.548465 
O_{ab} : 
 0.785260  0.784632  0.733357  0.689896  0.849390  0.785641 
O_{ab}': 
 0.618255  0.529133  0.609136  0.694529  0.556886  0.780530 
W      : 
 1.570796  1.570796  1.570796  1.570796  0.000000  0.000000 
U      : 
-0.534379  0.436449 -0.145234  0.340180 -0.874559 -0.096269 
O_{ab} : 
 0.785260  0.784632  0.733357  0.689896  0.849390  0.785641 
O_{ab}': 
 0.497586  0.635834  0.590819  0.712931  0.589081  0.727433 
W      : 
 1.570796  1.570796  1.570796  1.570796  0.000000  1.570796 
U      : 
 0.000000 -0.333333 -0.000000  0.666667 -0.666667 -0.000000 
O_{ab} : 
 0.785260  0.784632  0.733357  0.689896  0.849390  0.785641 
O_{ab}': 
 0.362107  0.717506  0.451486  0.389920  0.612573  0.509428 
W      : 
 1.570796  1.570796  1.570796  1.570796  1.570796  0.000000 
U      : 
-0.934872  0.224348 -0.548465  0.224348 -0.548465 -0.772813 
O_{ab} : 
 0.785260  0.784632  0.733357  0.689896  0.849390  0.785641 
O_{ab}': 
 0.565113  0.348374  0.658664  0.356916  0.567009  0.545967 
W      : 
 1.570796  1.570796  1.570796  1.570796  1.570796  1.570796 
U      : 
-0.562640 -0.605700 -0.562640  0.562640 -0.605700 -0.562640 
O_{ab} : 
 0.785260  0.784632  0.733357  0.689896  0.849390  0.785641 
O_{ab}': 
 0.490223  0.557521  0.561624  0.387645  0.643718  0.483290 
